CRITICAL - 2021-12-24 00:01:05 --> implode(): Invalid arguments passed
#0 [internal function]: CodeIgniter\Debug\Exceptions->errorHandler(2, 'implode(): Inva...', 'D:\\Software\\xam...', 103, Array)
#1 D:\Software\xampp\htdocs\skripsi\app\Controllers\Penelitian.php(103): implode(', ', 'GRACEA PETRICKA')
#2 D:\Software\xampp\htdocs\skripsi\app\ThirdParty\ssp.class.php(50): App\Controllers\Penelitian->App\Controllers\{closure}('141', Array)
#3 D:\Software\xampp\htdocs\skripsi\app\ThirdParty\ssp.class.php(297): SSP::data_output(Array, Array)
#4 D:\Software\xampp\htdocs\skripsi\app\Controllers\Penelitian.php(136): SSP::simple(Array, Array, '        (\r\n    ...', 'id_penelitian', Array)
#5 D:\Software\xampp\htdocs\skripsi\vendor\codeigniter4\framework\system\CodeIgniter.php(802): App\Controllers\Penelitian->getAllpenelitian()
#6 D:\Software\xampp\htdocs\skripsi\vendor\codeigniter4\framework\system\CodeIgniter.php(399): CodeIgniter\CodeIgniter->runController(Object(App\Controllers\Penelitian))
#7 D:\Software\xampp\htdocs\skripsi\vendor\codeigniter4\framework\system\CodeIgniter.php(317): CodeIgniter\CodeIgniter->handleRequest(NULL, Object(Config\Cache), false)
#8 D:\Software\xampp\htdocs\skripsi\public\index.php(37): CodeIgniter\CodeIgniter->run()
#9 D:\Software\xampp\htdocs\skripsi\vendor\codeigniter4\framework\system\Commands\Server\rewrite.php(43): require_once('D:\\Software\\xam...')
#10 {main}
CRITICAL - 2021-12-24 00:01:11 --> Array to string conversion
#0 D:\Software\xampp\htdocs\skripsi\app\Controllers\Penelitian.php(97): CodeIgniter\Debug\Exceptions->errorHandler(8, 'Array to string...', 'D:\\Software\\xam...', 97, Array)
#1 D:\Software\xampp\htdocs\skripsi\app\ThirdParty\ssp.class.php(50): App\Controllers\Penelitian->App\Controllers\{closure}('141', Array)
#2 D:\Software\xampp\htdocs\skripsi\app\ThirdParty\ssp.class.php(297): SSP::data_output(Array, Array)
#3 D:\Software\xampp\htdocs\skripsi\app\Controllers\Penelitian.php(136): SSP::simple(Array, Array, '        (\r\n    ...', 'id_penelitian', Array)
#4 D:\Software\xampp\htdocs\skripsi\vendor\codeigniter4\framework\system\CodeIgniter.php(802): App\Controllers\Penelitian->getAllpenelitian()
#5 D:\Software\xampp\htdocs\skripsi\vendor\codeigniter4\framework\system\CodeIgniter.php(399): CodeIgniter\CodeIgniter->runController(Object(App\Controllers\Penelitian))
#6 D:\Software\xampp\htdocs\skripsi\vendor\codeigniter4\framework\system\CodeIgniter.php(317): CodeIgniter\CodeIgniter->handleRequest(NULL, Object(Config\Cache), false)
#7 D:\Software\xampp\htdocs\skripsi\public\index.php(37): CodeIgniter\CodeIgniter->run()
#8 D:\Software\xampp\htdocs\skripsi\vendor\codeigniter4\framework\system\Commands\Server\rewrite.php(43): require_once('D:\\Software\\xam...')
#9 {main}
CRITICAL - 2021-12-24 00:59:29 --> Cannot use object of type stdClass as array
#0 D:\Software\xampp\htdocs\skripsi\vendor\codeigniter4\framework\system\CodeIgniter.php(802): App\Controllers\Penelitian->get_penelitian_edit()
#1 D:\Software\xampp\htdocs\skripsi\vendor\codeigniter4\framework\system\CodeIgniter.php(399): CodeIgniter\CodeIgniter->runController(Object(App\Controllers\Penelitian))
#2 D:\Software\xampp\htdocs\skripsi\vendor\codeigniter4\framework\system\CodeIgniter.php(317): CodeIgniter\CodeIgniter->handleRequest(NULL, Object(Config\Cache), false)
#3 D:\Software\xampp\htdocs\skripsi\public\index.php(37): CodeIgniter\CodeIgniter->run()
#4 D:\Software\xampp\htdocs\skripsi\vendor\codeigniter4\framework\system\Commands\Server\rewrite.php(43): require_once('D:\\Software\\xam...')
#5 {main}
CRITICAL - 2021-12-24 01:00:29 --> Cannot use object of type stdClass as array
#0 D:\Software\xampp\htdocs\skripsi\vendor\codeigniter4\framework\system\CodeIgniter.php(802): App\Controllers\Penelitian->get_penelitian_edit()
#1 D:\Software\xampp\htdocs\skripsi\vendor\codeigniter4\framework\system\CodeIgniter.php(399): CodeIgniter\CodeIgniter->runController(Object(App\Controllers\Penelitian))
#2 D:\Software\xampp\htdocs\skripsi\vendor\codeigniter4\framework\system\CodeIgniter.php(317): CodeIgniter\CodeIgniter->handleRequest(NULL, Object(Config\Cache), false)
#3 D:\Software\xampp\htdocs\skripsi\public\index.php(37): CodeIgniter\CodeIgniter->run()
#4 D:\Software\xampp\htdocs\skripsi\vendor\codeigniter4\framework\system\Commands\Server\rewrite.php(43): require_once('D:\\Software\\xam...')
#5 {main}
CRITICAL - 2021-12-24 01:00:45 --> Trying to get property 'nidn' of non-object
#0 D:\Software\xampp\htdocs\skripsi\app\Controllers\Dosen.php(202): CodeIgniter\Debug\Exceptions->errorHandler(8, 'Trying to get p...', 'D:\\Software\\xam...', 202, Array)
#1 D:\Software\xampp\htdocs\skripsi\vendor\codeigniter4\framework\system\CodeIgniter.php(802): App\Controllers\Dosen->get_dosen_edit()
#2 D:\Software\xampp\htdocs\skripsi\vendor\codeigniter4\framework\system\CodeIgniter.php(399): CodeIgniter\CodeIgniter->runController(Object(App\Controllers\Dosen))
#3 D:\Software\xampp\htdocs\skripsi\vendor\codeigniter4\framework\system\CodeIgniter.php(317): CodeIgniter\CodeIgniter->handleRequest(NULL, Object(Config\Cache), false)
#4 D:\Software\xampp\htdocs\skripsi\public\index.php(37): CodeIgniter\CodeIgniter->run()
#5 D:\Software\xampp\htdocs\skripsi\vendor\codeigniter4\framework\system\Commands\Server\rewrite.php(43): require_once('D:\\Software\\xam...')
#6 {main}
CRITICAL - 2021-12-24 01:48:39 --> Undefined variable: id_penelitian
#0 D:\Software\xampp\htdocs\skripsi\app\Views\Pages\Admin\a_penelitian\edit_penelitian.php(13): CodeIgniter\Debug\Exceptions->errorHandler(8, 'Undefined varia...', 'D:\\Software\\xam...', 13, Array)
#1 D:\Software\xampp\htdocs\skripsi\vendor\codeigniter4\framework\system\View\View.php(214): include('D:\\Software\\xam...')
#2 D:\Software\xampp\htdocs\skripsi\vendor\codeigniter4\framework\system\View\View.php(217): CodeIgniter\View\View->CodeIgniter\View\{closure}()
#3 D:\Software\xampp\htdocs\skripsi\vendor\codeigniter4\framework\system\Common.php(1092): CodeIgniter\View\View->render('pages/admin/a_p...', Array, true)
#4 D:\Software\xampp\htdocs\skripsi\app\Controllers\Penelitian.php(398): view('pages/admin/a_p...', Array)
#5 D:\Software\xampp\htdocs\skripsi\vendor\codeigniter4\framework\system\CodeIgniter.php(802): App\Controllers\Penelitian->get_penelitian_edit()
#6 D:\Software\xampp\htdocs\skripsi\vendor\codeigniter4\framework\system\CodeIgniter.php(399): CodeIgniter\CodeIgniter->runController(Object(App\Controllers\Penelitian))
#7 D:\Software\xampp\htdocs\skripsi\vendor\codeigniter4\framework\system\CodeIgniter.php(317): CodeIgniter\CodeIgniter->handleRequest(NULL, Object(Config\Cache), false)
#8 D:\Software\xampp\htdocs\skripsi\public\index.php(37): CodeIgniter\CodeIgniter->run()
#9 D:\Software\xampp\htdocs\skripsi\vendor\codeigniter4\framework\system\Commands\Server\rewrite.php(43): require_once('D:\\Software\\xam...')
#10 {main}
CRITICAL - 2021-12-24 01:48:41 --> Undefined variable: id_penelitian
#0 D:\Software\xampp\htdocs\skripsi\app\Views\Pages\Admin\a_penelitian\edit_penelitian.php(13): CodeIgniter\Debug\Exceptions->errorHandler(8, 'Undefined varia...', 'D:\\Software\\xam...', 13, Array)
#1 D:\Software\xampp\htdocs\skripsi\vendor\codeigniter4\framework\system\View\View.php(214): include('D:\\Software\\xam...')
#2 D:\Software\xampp\htdocs\skripsi\vendor\codeigniter4\framework\system\View\View.php(217): CodeIgniter\View\View->CodeIgniter\View\{closure}()
#3 D:\Software\xampp\htdocs\skripsi\vendor\codeigniter4\framework\system\Common.php(1092): CodeIgniter\View\View->render('pages/admin/a_p...', Array, true)
#4 D:\Software\xampp\htdocs\skripsi\app\Controllers\Penelitian.php(398): view('pages/admin/a_p...', Array)
#5 D:\Software\xampp\htdocs\skripsi\vendor\codeigniter4\framework\system\CodeIgniter.php(802): App\Controllers\Penelitian->get_penelitian_edit()
#6 D:\Software\xampp\htdocs\skripsi\vendor\codeigniter4\framework\system\CodeIgniter.php(399): CodeIgniter\CodeIgniter->runController(Object(App\Controllers\Penelitian))
#7 D:\Software\xampp\htdocs\skripsi\vendor\codeigniter4\framework\system\CodeIgniter.php(317): CodeIgniter\CodeIgniter->handleRequest(NULL, Object(Config\Cache), false)
#8 D:\Software\xampp\htdocs\skripsi\public\index.php(37): CodeIgniter\CodeIgniter->run()
#9 D:\Software\xampp\htdocs\skripsi\vendor\codeigniter4\framework\system\Commands\Server\rewrite.php(43): require_once('D:\\Software\\xam...')
#10 {main}
CRITICAL - 2021-12-24 01:48:47 --> Undefined variable: id_penelitian
#0 D:\Software\xampp\htdocs\skripsi\app\Views\Pages\Admin\a_penelitian\edit_penelitian.php(13): CodeIgniter\Debug\Exceptions->errorHandler(8, 'Undefined varia...', 'D:\\Software\\xam...', 13, Array)
#1 D:\Software\xampp\htdocs\skripsi\vendor\codeigniter4\framework\system\View\View.php(214): include('D:\\Software\\xam...')
#2 D:\Software\xampp\htdocs\skripsi\vendor\codeigniter4\framework\system\View\View.php(217): CodeIgniter\View\View->CodeIgniter\View\{closure}()
#3 D:\Software\xampp\htdocs\skripsi\vendor\codeigniter4\framework\system\Common.php(1092): CodeIgniter\View\View->render('pages/admin/a_p...', Array, true)
#4 D:\Software\xampp\htdocs\skripsi\app\Controllers\Penelitian.php(398): view('pages/admin/a_p...', Array)
#5 D:\Software\xampp\htdocs\skripsi\vendor\codeigniter4\framework\system\CodeIgniter.php(802): App\Controllers\Penelitian->get_penelitian_edit()
#6 D:\Software\xampp\htdocs\skripsi\vendor\codeigniter4\framework\system\CodeIgniter.php(399): CodeIgniter\CodeIgniter->runController(Object(App\Controllers\Penelitian))
#7 D:\Software\xampp\htdocs\skripsi\vendor\codeigniter4\framework\system\CodeIgniter.php(317): CodeIgniter\CodeIgniter->handleRequest(NULL, Object(Config\Cache), false)
#8 D:\Software\xampp\htdocs\skripsi\public\index.php(37): CodeIgniter\CodeIgniter->run()
#9 D:\Software\xampp\htdocs\skripsi\vendor\codeigniter4\framework\system\Commands\Server\rewrite.php(43): require_once('D:\\Software\\xam...')
#10 {main}
CRITICAL - 2021-12-24 01:49:41 --> Undefined variable: id_penelitian
#0 D:\Software\xampp\htdocs\skripsi\app\Views\Pages\Admin\a_penelitian\edit_penelitian.php(13): CodeIgniter\Debug\Exceptions->errorHandler(8, 'Undefined varia...', 'D:\\Software\\xam...', 13, Array)
#1 D:\Software\xampp\htdocs\skripsi\vendor\codeigniter4\framework\system\View\View.php(214): include('D:\\Software\\xam...')
#2 D:\Software\xampp\htdocs\skripsi\vendor\codeigniter4\framework\system\View\View.php(217): CodeIgniter\View\View->CodeIgniter\View\{closure}()
#3 D:\Software\xampp\htdocs\skripsi\vendor\codeigniter4\framework\system\Common.php(1092): CodeIgniter\View\View->render('pages/admin/a_p...', Array, true)
#4 D:\Software\xampp\htdocs\skripsi\app\Controllers\Penelitian.php(398): view('pages/admin/a_p...', Array)
#5 D:\Software\xampp\htdocs\skripsi\vendor\codeigniter4\framework\system\CodeIgniter.php(802): App\Controllers\Penelitian->get_penelitian_edit()
#6 D:\Software\xampp\htdocs\skripsi\vendor\codeigniter4\framework\system\CodeIgniter.php(399): CodeIgniter\CodeIgniter->runController(Object(App\Controllers\Penelitian))
#7 D:\Software\xampp\htdocs\skripsi\vendor\codeigniter4\framework\system\CodeIgniter.php(317): CodeIgniter\CodeIgniter->handleRequest(NULL, Object(Config\Cache), false)
#8 D:\Software\xampp\htdocs\skripsi\public\index.php(37): CodeIgniter\CodeIgniter->run()
#9 D:\Software\xampp\htdocs\skripsi\vendor\codeigniter4\framework\system\Commands\Server\rewrite.php(43): require_once('D:\\Software\\xam...')
#10 {main}
CRITICAL - 2021-12-24 01:49:46 --> Undefined variable: id_penelitian
#0 D:\Software\xampp\htdocs\skripsi\app\Views\Pages\Admin\a_penelitian\edit_penelitian.php(13): CodeIgniter\Debug\Exceptions->errorHandler(8, 'Undefined varia...', 'D:\\Software\\xam...', 13, Array)
#1 D:\Software\xampp\htdocs\skripsi\vendor\codeigniter4\framework\system\View\View.php(214): include('D:\\Software\\xam...')
#2 D:\Software\xampp\htdocs\skripsi\vendor\codeigniter4\framework\system\View\View.php(217): CodeIgniter\View\View->CodeIgniter\View\{closure}()
#3 D:\Software\xampp\htdocs\skripsi\vendor\codeigniter4\framework\system\Common.php(1092): CodeIgniter\View\View->render('pages/admin/a_p...', Array, true)
#4 D:\Software\xampp\htdocs\skripsi\app\Controllers\Penelitian.php(398): view('pages/admin/a_p...', Array)
#5 D:\Software\xampp\htdocs\skripsi\vendor\codeigniter4\framework\system\CodeIgniter.php(802): App\Controllers\Penelitian->get_penelitian_edit()
#6 D:\Software\xampp\htdocs\skripsi\vendor\codeigniter4\framework\system\CodeIgniter.php(399): CodeIgniter\CodeIgniter->runController(Object(App\Controllers\Penelitian))
#7 D:\Software\xampp\htdocs\skripsi\vendor\codeigniter4\framework\system\CodeIgniter.php(317): CodeIgniter\CodeIgniter->handleRequest(NULL, Object(Config\Cache), false)
#8 D:\Software\xampp\htdocs\skripsi\public\index.php(37): CodeIgniter\CodeIgniter->run()
#9 D:\Software\xampp\htdocs\skripsi\vendor\codeigniter4\framework\system\Commands\Server\rewrite.php(43): require_once('D:\\Software\\xam...')
#10 {main}
CRITICAL - 2021-12-24 01:50:08 --> Undefined variable: id_penelitian
#0 D:\Software\xampp\htdocs\skripsi\app\Views\Pages\Admin\a_penelitian\edit_penelitian.php(13): CodeIgniter\Debug\Exceptions->errorHandler(8, 'Undefined varia...', 'D:\\Software\\xam...', 13, Array)
#1 D:\Software\xampp\htdocs\skripsi\vendor\codeigniter4\framework\system\View\View.php(214): include('D:\\Software\\xam...')
#2 D:\Software\xampp\htdocs\skripsi\vendor\codeigniter4\framework\system\View\View.php(217): CodeIgniter\View\View->CodeIgniter\View\{closure}()
#3 D:\Software\xampp\htdocs\skripsi\vendor\codeigniter4\framework\system\Common.php(1092): CodeIgniter\View\View->render('pages/admin/a_p...', Array, true)
#4 D:\Software\xampp\htdocs\skripsi\app\Controllers\Penelitian.php(398): view('pages/admin/a_p...', Array)
#5 D:\Software\xampp\htdocs\skripsi\vendor\codeigniter4\framework\system\CodeIgniter.php(802): App\Controllers\Penelitian->get_penelitian_edit()
#6 D:\Software\xampp\htdocs\skripsi\vendor\codeigniter4\framework\system\CodeIgniter.php(399): CodeIgniter\CodeIgniter->runController(Object(App\Controllers\Penelitian))
#7 D:\Software\xampp\htdocs\skripsi\vendor\codeigniter4\framework\system\CodeIgniter.php(317): CodeIgniter\CodeIgniter->handleRequest(NULL, Object(Config\Cache), false)
#8 D:\Software\xampp\htdocs\skripsi\public\index.php(37): CodeIgniter\CodeIgniter->run()
#9 D:\Software\xampp\htdocs\skripsi\vendor\codeigniter4\framework\system\Commands\Server\rewrite.php(43): require_once('D:\\Software\\xam...')
#10 {main}
CRITICAL - 2021-12-24 01:51:03 --> Undefined variable: id_penelitian
#0 D:\Software\xampp\htdocs\skripsi\app\Views\Pages\Admin\a_penelitian\edit_penelitian.php(13): CodeIgniter\Debug\Exceptions->errorHandler(8, 'Undefined varia...', 'D:\\Software\\xam...', 13, Array)
#1 D:\Software\xampp\htdocs\skripsi\vendor\codeigniter4\framework\system\View\View.php(214): include('D:\\Software\\xam...')
#2 D:\Software\xampp\htdocs\skripsi\vendor\codeigniter4\framework\system\View\View.php(217): CodeIgniter\View\View->CodeIgniter\View\{closure}()
#3 D:\Software\xampp\htdocs\skripsi\vendor\codeigniter4\framework\system\Common.php(1092): CodeIgniter\View\View->render('pages/admin/a_p...', Array, true)
#4 D:\Software\xampp\htdocs\skripsi\app\Controllers\Penelitian.php(398): view('pages/admin/a_p...', Array)
#5 D:\Software\xampp\htdocs\skripsi\vendor\codeigniter4\framework\system\CodeIgniter.php(802): App\Controllers\Penelitian->get_penelitian_edit()
#6 D:\Software\xampp\htdocs\skripsi\vendor\codeigniter4\framework\system\CodeIgniter.php(399): CodeIgniter\CodeIgniter->runController(Object(App\Controllers\Penelitian))
#7 D:\Software\xampp\htdocs\skripsi\vendor\codeigniter4\framework\system\CodeIgniter.php(317): CodeIgniter\CodeIgniter->handleRequest(NULL, Object(Config\Cache), false)
#8 D:\Software\xampp\htdocs\skripsi\public\index.php(37): CodeIgniter\CodeIgniter->run()
#9 D:\Software\xampp\htdocs\skripsi\vendor\codeigniter4\framework\system\Commands\Server\rewrite.php(43): require_once('D:\\Software\\xam...')
#10 {main}
CRITICAL - 2021-12-24 01:51:33 --> Undefined variable: id_penelitian
#0 D:\Software\xampp\htdocs\skripsi\app\Views\Pages\Admin\a_penelitian\edit_penelitian.php(13): CodeIgniter\Debug\Exceptions->errorHandler(8, 'Undefined varia...', 'D:\\Software\\xam...', 13, Array)
#1 D:\Software\xampp\htdocs\skripsi\vendor\codeigniter4\framework\system\View\View.php(214): include('D:\\Software\\xam...')
#2 D:\Software\xampp\htdocs\skripsi\vendor\codeigniter4\framework\system\View\View.php(217): CodeIgniter\View\View->CodeIgniter\View\{closure}()
#3 D:\Software\xampp\htdocs\skripsi\vendor\codeigniter4\framework\system\Common.php(1092): CodeIgniter\View\View->render('pages/admin/a_p...', Array, true)
#4 D:\Software\xampp\htdocs\skripsi\app\Controllers\Penelitian.php(398): view('pages/admin/a_p...', Array)
#5 D:\Software\xampp\htdocs\skripsi\vendor\codeigniter4\framework\system\CodeIgniter.php(802): App\Controllers\Penelitian->get_penelitian_edit()
#6 D:\Software\xampp\htdocs\skripsi\vendor\codeigniter4\framework\system\CodeIgniter.php(399): CodeIgniter\CodeIgniter->runController(Object(App\Controllers\Penelitian))
#7 D:\Software\xampp\htdocs\skripsi\vendor\codeigniter4\framework\system\CodeIgniter.php(317): CodeIgniter\CodeIgniter->handleRequest(NULL, Object(Config\Cache), false)
#8 D:\Software\xampp\htdocs\skripsi\public\index.php(37): CodeIgniter\CodeIgniter->run()
#9 D:\Software\xampp\htdocs\skripsi\vendor\codeigniter4\framework\system\Commands\Server\rewrite.php(43): require_once('D:\\Software\\xam...')
#10 {main}
CRITICAL - 2021-12-24 01:52:32 --> Undefined variable: id_penelitian
#0 D:\Software\xampp\htdocs\skripsi\app\Views\Pages\Admin\a_penelitian\edit_penelitian.php(13): CodeIgniter\Debug\Exceptions->errorHandler(8, 'Undefined varia...', 'D:\\Software\\xam...', 13, Array)
#1 D:\Software\xampp\htdocs\skripsi\vendor\codeigniter4\framework\system\View\View.php(214): include('D:\\Software\\xam...')
#2 D:\Software\xampp\htdocs\skripsi\vendor\codeigniter4\framework\system\View\View.php(217): CodeIgniter\View\View->CodeIgniter\View\{closure}()
#3 D:\Software\xampp\htdocs\skripsi\vendor\codeigniter4\framework\system\Common.php(1092): CodeIgniter\View\View->render('pages/admin/a_p...', Array, true)
#4 D:\Software\xampp\htdocs\skripsi\app\Controllers\Penelitian.php(398): view('pages/admin/a_p...', Array)
#5 D:\Software\xampp\htdocs\skripsi\vendor\codeigniter4\framework\system\CodeIgniter.php(802): App\Controllers\Penelitian->get_penelitian_edit()
#6 D:\Software\xampp\htdocs\skripsi\vendor\codeigniter4\framework\system\CodeIgniter.php(399): CodeIgniter\CodeIgniter->runController(Object(App\Controllers\Penelitian))
#7 D:\Software\xampp\htdocs\skripsi\vendor\codeigniter4\framework\system\CodeIgniter.php(317): CodeIgniter\CodeIgniter->handleRequest(NULL, Object(Config\Cache), false)
#8 D:\Software\xampp\htdocs\skripsi\public\index.php(37): CodeIgniter\CodeIgniter->run()
#9 D:\Software\xampp\htdocs\skripsi\vendor\codeigniter4\framework\system\Commands\Server\rewrite.php(43): require_once('D:\\Software\\xam...')
#10 {main}
CRITICAL - 2021-12-24 01:54:16 --> Undefined variable: id_penelitian
#0 D:\Software\xampp\htdocs\skripsi\app\Views\Pages\Admin\a_penelitian\edit_penelitian.php(13): CodeIgniter\Debug\Exceptions->errorHandler(8, 'Undefined varia...', 'D:\\Software\\xam...', 13, Array)
#1 D:\Software\xampp\htdocs\skripsi\vendor\codeigniter4\framework\system\View\View.php(214): include('D:\\Software\\xam...')
#2 D:\Software\xampp\htdocs\skripsi\vendor\codeigniter4\framework\system\View\View.php(217): CodeIgniter\View\View->CodeIgniter\View\{closure}()
#3 D:\Software\xampp\htdocs\skripsi\vendor\codeigniter4\framework\system\Common.php(1092): CodeIgniter\View\View->render('pages/admin/a_p...', Array, true)
#4 D:\Software\xampp\htdocs\skripsi\app\Controllers\Penelitian.php(399): view('pages/admin/a_p...', Array)
#5 D:\Software\xampp\htdocs\skripsi\vendor\codeigniter4\framework\system\CodeIgniter.php(802): App\Controllers\Penelitian->get_penelitian_edit()
#6 D:\Software\xampp\htdocs\skripsi\vendor\codeigniter4\framework\system\CodeIgniter.php(399): CodeIgniter\CodeIgniter->runController(Object(App\Controllers\Penelitian))
#7 D:\Software\xampp\htdocs\skripsi\vendor\codeigniter4\framework\system\CodeIgniter.php(317): CodeIgniter\CodeIgniter->handleRequest(NULL, Object(Config\Cache), false)
#8 D:\Software\xampp\htdocs\skripsi\public\index.php(37): CodeIgniter\CodeIgniter->run()
#9 D:\Software\xampp\htdocs\skripsi\vendor\codeigniter4\framework\system\Commands\Server\rewrite.php(43): require_once('D:\\Software\\xam...')
#10 {main}
CRITICAL - 2021-12-24 01:55:00 --> Undefined variable: id_penelitian
#0 D:\Software\xampp\htdocs\skripsi\app\Views\Pages\Admin\a_penelitian\edit_penelitian.php(11): CodeIgniter\Debug\Exceptions->errorHandler(8, 'Undefined varia...', 'D:\\Software\\xam...', 11, Array)
#1 D:\Software\xampp\htdocs\skripsi\vendor\codeigniter4\framework\system\View\View.php(214): include('D:\\Software\\xam...')
#2 D:\Software\xampp\htdocs\skripsi\vendor\codeigniter4\framework\system\View\View.php(217): CodeIgniter\View\View->CodeIgniter\View\{closure}()
#3 D:\Software\xampp\htdocs\skripsi\vendor\codeigniter4\framework\system\Common.php(1092): CodeIgniter\View\View->render('pages/admin/a_p...', Array, true)
#4 D:\Software\xampp\htdocs\skripsi\app\Controllers\Penelitian.php(399): view('pages/admin/a_p...', Array)
#5 D:\Software\xampp\htdocs\skripsi\vendor\codeigniter4\framework\system\CodeIgniter.php(802): App\Controllers\Penelitian->get_penelitian_edit()
#6 D:\Software\xampp\htdocs\skripsi\vendor\codeigniter4\framework\system\CodeIgniter.php(399): CodeIgniter\CodeIgniter->runController(Object(App\Controllers\Penelitian))
#7 D:\Software\xampp\htdocs\skripsi\vendor\codeigniter4\framework\system\CodeIgniter.php(317): CodeIgniter\CodeIgniter->handleRequest(NULL, Object(Config\Cache), false)
#8 D:\Software\xampp\htdocs\skripsi\public\index.php(37): CodeIgniter\CodeIgniter->run()
#9 D:\Software\xampp\htdocs\skripsi\vendor\codeigniter4\framework\system\Commands\Server\rewrite.php(43): require_once('D:\\Software\\xam...')
#10 {main}
CRITICAL - 2021-12-24 01:55:16 --> Undefined variable: id_penelitian
#0 D:\Software\xampp\htdocs\skripsi\app\Views\Pages\Admin\a_penelitian\edit_penelitian.php(11): CodeIgniter\Debug\Exceptions->errorHandler(8, 'Undefined varia...', 'D:\\Software\\xam...', 11, Array)
#1 D:\Software\xampp\htdocs\skripsi\vendor\codeigniter4\framework\system\View\View.php(214): include('D:\\Software\\xam...')
#2 D:\Software\xampp\htdocs\skripsi\vendor\codeigniter4\framework\system\View\View.php(217): CodeIgniter\View\View->CodeIgniter\View\{closure}()
#3 D:\Software\xampp\htdocs\skripsi\vendor\codeigniter4\framework\system\Common.php(1092): CodeIgniter\View\View->render('pages/admin/a_p...', Array, true)
#4 D:\Software\xampp\htdocs\skripsi\app\Controllers\Penelitian.php(399): view('pages/admin/a_p...', Array)
#5 D:\Software\xampp\htdocs\skripsi\vendor\codeigniter4\framework\system\CodeIgniter.php(802): App\Controllers\Penelitian->get_penelitian_edit()
#6 D:\Software\xampp\htdocs\skripsi\vendor\codeigniter4\framework\system\CodeIgniter.php(399): CodeIgniter\CodeIgniter->runController(Object(App\Controllers\Penelitian))
#7 D:\Software\xampp\htdocs\skripsi\vendor\codeigniter4\framework\system\CodeIgniter.php(317): CodeIgniter\CodeIgniter->handleRequest(NULL, Object(Config\Cache), false)
#8 D:\Software\xampp\htdocs\skripsi\public\index.php(37): CodeIgniter\CodeIgniter->run()
#9 D:\Software\xampp\htdocs\skripsi\vendor\codeigniter4\framework\system\Commands\Server\rewrite.php(43): require_once('D:\\Software\\xam...')
#10 {main}
CRITICAL - 2021-12-24 01:55:46 --> Undefined variable: id_penelitian
#0 D:\Software\xampp\htdocs\skripsi\app\Views\Pages\Admin\a_penelitian\edit_penelitian.php(13): CodeIgniter\Debug\Exceptions->errorHandler(8, 'Undefined varia...', 'D:\\Software\\xam...', 13, Array)
#1 D:\Software\xampp\htdocs\skripsi\vendor\codeigniter4\framework\system\View\View.php(214): include('D:\\Software\\xam...')
#2 D:\Software\xampp\htdocs\skripsi\vendor\codeigniter4\framework\system\View\View.php(217): CodeIgniter\View\View->CodeIgniter\View\{closure}()
#3 D:\Software\xampp\htdocs\skripsi\vendor\codeigniter4\framework\system\Common.php(1092): CodeIgniter\View\View->render('pages/admin/a_p...', Array, true)
#4 D:\Software\xampp\htdocs\skripsi\app\Controllers\Penelitian.php(399): view('pages/admin/a_p...', Array)
#5 D:\Software\xampp\htdocs\skripsi\vendor\codeigniter4\framework\system\CodeIgniter.php(802): App\Controllers\Penelitian->get_penelitian_edit()
#6 D:\Software\xampp\htdocs\skripsi\vendor\codeigniter4\framework\system\CodeIgniter.php(399): CodeIgniter\CodeIgniter->runController(Object(App\Controllers\Penelitian))
#7 D:\Software\xampp\htdocs\skripsi\vendor\codeigniter4\framework\system\CodeIgniter.php(317): CodeIgniter\CodeIgniter->handleRequest(NULL, Object(Config\Cache), false)
#8 D:\Software\xampp\htdocs\skripsi\public\index.php(37): CodeIgniter\CodeIgniter->run()
#9 D:\Software\xampp\htdocs\skripsi\vendor\codeigniter4\framework\system\Commands\Server\rewrite.php(43): require_once('D:\\Software\\xam...')
#10 {main}
CRITICAL - 2021-12-24 01:56:05 --> Undefined variable: nama_dosen
#0 D:\Software\xampp\htdocs\skripsi\app\Views\Pages\Admin\a_penelitian\edit_penelitian.php(18): CodeIgniter\Debug\Exceptions->errorHandler(8, 'Undefined varia...', 'D:\\Software\\xam...', 18, Array)
#1 D:\Software\xampp\htdocs\skripsi\vendor\codeigniter4\framework\system\View\View.php(214): include('D:\\Software\\xam...')
#2 D:\Software\xampp\htdocs\skripsi\vendor\codeigniter4\framework\system\View\View.php(217): CodeIgniter\View\View->CodeIgniter\View\{closure}()
#3 D:\Software\xampp\htdocs\skripsi\vendor\codeigniter4\framework\system\Common.php(1092): CodeIgniter\View\View->render('pages/admin/a_p...', Array, true)
#4 D:\Software\xampp\htdocs\skripsi\app\Controllers\Penelitian.php(399): view('pages/admin/a_p...', Array)
#5 D:\Software\xampp\htdocs\skripsi\vendor\codeigniter4\framework\system\CodeIgniter.php(802): App\Controllers\Penelitian->get_penelitian_edit()
#6 D:\Software\xampp\htdocs\skripsi\vendor\codeigniter4\framework\system\CodeIgniter.php(399): CodeIgniter\CodeIgniter->runController(Object(App\Controllers\Penelitian))
#7 D:\Software\xampp\htdocs\skripsi\vendor\codeigniter4\framework\system\CodeIgniter.php(317): CodeIgniter\CodeIgniter->handleRequest(NULL, Object(Config\Cache), false)
#8 D:\Software\xampp\htdocs\skripsi\public\index.php(37): CodeIgniter\CodeIgniter->run()
#9 D:\Software\xampp\htdocs\skripsi\vendor\codeigniter4\framework\system\Commands\Server\rewrite.php(43): require_once('D:\\Software\\xam...')
#10 {main}
CRITICAL - 2021-12-24 01:59:34 --> Undefined variable: id_penelitian
#0 D:\Software\xampp\htdocs\skripsi\app\Views\Pages\Admin\a_penelitian\edit_penelitian.php(13): CodeIgniter\Debug\Exceptions->errorHandler(8, 'Undefined varia...', 'D:\\Software\\xam...', 13, Array)
#1 D:\Software\xampp\htdocs\skripsi\vendor\codeigniter4\framework\system\View\View.php(214): include('D:\\Software\\xam...')
#2 D:\Software\xampp\htdocs\skripsi\vendor\codeigniter4\framework\system\View\View.php(217): CodeIgniter\View\View->CodeIgniter\View\{closure}()
#3 D:\Software\xampp\htdocs\skripsi\vendor\codeigniter4\framework\system\Common.php(1092): CodeIgniter\View\View->render('pages/admin/a_p...', Array, true)
#4 D:\Software\xampp\htdocs\skripsi\app\Controllers\Penelitian.php(412): view('pages/admin/a_p...', Array)
#5 D:\Software\xampp\htdocs\skripsi\vendor\codeigniter4\framework\system\CodeIgniter.php(802): App\Controllers\Penelitian->get_penelitian_edit()
#6 D:\Software\xampp\htdocs\skripsi\vendor\codeigniter4\framework\system\CodeIgniter.php(399): CodeIgniter\CodeIgniter->runController(Object(App\Controllers\Penelitian))
#7 D:\Software\xampp\htdocs\skripsi\vendor\codeigniter4\framework\system\CodeIgniter.php(317): CodeIgniter\CodeIgniter->handleRequest(NULL, Object(Config\Cache), false)
#8 D:\Software\xampp\htdocs\skripsi\public\index.php(37): CodeIgniter\CodeIgniter->run()
#9 D:\Software\xampp\htdocs\skripsi\vendor\codeigniter4\framework\system\Commands\Server\rewrite.php(43): require_once('D:\\Software\\xam...')
#10 {main}
CRITICAL - 2021-12-24 02:00:21 --> Undefined variable: id_penelitian
#0 D:\Software\xampp\htdocs\skripsi\app\Views\Pages\Admin\a_penelitian\edit_penelitian.php(13): CodeIgniter\Debug\Exceptions->errorHandler(8, 'Undefined varia...', 'D:\\Software\\xam...', 13, Array)
#1 D:\Software\xampp\htdocs\skripsi\vendor\codeigniter4\framework\system\View\View.php(214): include('D:\\Software\\xam...')
#2 D:\Software\xampp\htdocs\skripsi\vendor\codeigniter4\framework\system\View\View.php(217): CodeIgniter\View\View->CodeIgniter\View\{closure}()
#3 D:\Software\xampp\htdocs\skripsi\vendor\codeigniter4\framework\system\Common.php(1092): CodeIgniter\View\View->render('pages/admin/a_p...', Array, true)
#4 D:\Software\xampp\htdocs\skripsi\app\Controllers\Penelitian.php(412): view('pages/admin/a_p...', Array)
#5 D:\Software\xampp\htdocs\skripsi\vendor\codeigniter4\framework\system\CodeIgniter.php(802): App\Controllers\Penelitian->get_penelitian_edit()
#6 D:\Software\xampp\htdocs\skripsi\vendor\codeigniter4\framework\system\CodeIgniter.php(399): CodeIgniter\CodeIgniter->runController(Object(App\Controllers\Penelitian))
#7 D:\Software\xampp\htdocs\skripsi\vendor\codeigniter4\framework\system\CodeIgniter.php(317): CodeIgniter\CodeIgniter->handleRequest(NULL, Object(Config\Cache), false)
#8 D:\Software\xampp\htdocs\skripsi\public\index.php(37): CodeIgniter\CodeIgniter->run()
#9 D:\Software\xampp\htdocs\skripsi\vendor\codeigniter4\framework\system\Commands\Server\rewrite.php(43): require_once('D:\\Software\\xam...')
#10 {main}
CRITICAL - 2021-12-24 02:02:23 --> Cannot use object of type stdClass as array
#0 D:\Software\xampp\htdocs\skripsi\vendor\codeigniter4\framework\system\CodeIgniter.php(802): App\Controllers\Penelitian->get_penelitian_edit()
#1 D:\Software\xampp\htdocs\skripsi\vendor\codeigniter4\framework\system\CodeIgniter.php(399): CodeIgniter\CodeIgniter->runController(Object(App\Controllers\Penelitian))
#2 D:\Software\xampp\htdocs\skripsi\vendor\codeigniter4\framework\system\CodeIgniter.php(317): CodeIgniter\CodeIgniter->handleRequest(NULL, Object(Config\Cache), false)
#3 D:\Software\xampp\htdocs\skripsi\public\index.php(37): CodeIgniter\CodeIgniter->run()
#4 D:\Software\xampp\htdocs\skripsi\vendor\codeigniter4\framework\system\Commands\Server\rewrite.php(43): require_once('D:\\Software\\xam...')
#5 {main}
