CRITICAL - 2022-01-06 19:13:19 --> Undefined index: id_pemakalah
#0 D:\Software\xampp\htdocs\skripsi\app\Controllers\Jurnal.php(287): CodeIgniter\Debug\Exceptions->errorHandler(8, 'Undefined index...', 'D:\\Software\\xam...', 287, Array)
#1 D:\Software\xampp\htdocs\skripsi\vendor\codeigniter4\framework\system\CodeIgniter.php(802): App\Controllers\Jurnal->get_jurnal_edit()
#2 D:\Software\xampp\htdocs\skripsi\vendor\codeigniter4\framework\system\CodeIgniter.php(399): CodeIgniter\CodeIgniter->runController(Object(App\Controllers\Jurnal))
#3 D:\Software\xampp\htdocs\skripsi\vendor\codeigniter4\framework\system\CodeIgniter.php(317): CodeIgniter\CodeIgniter->handleRequest(NULL, Object(Config\Cache), false)
#4 D:\Software\xampp\htdocs\skripsi\public\index.php(37): CodeIgniter\CodeIgniter->run()
#5 D:\Software\xampp\htdocs\skripsi\vendor\codeigniter4\framework\system\Commands\Server\rewrite.php(43): require_once('D:\\Software\\xam...')
#6 {main}
CRITICAL - 2022-01-06 19:13:24 --> Undefined index: id_pemakalah
#0 D:\Software\xampp\htdocs\skripsi\app\Controllers\Jurnal.php(287): CodeIgniter\Debug\Exceptions->errorHandler(8, 'Undefined index...', 'D:\\Software\\xam...', 287, Array)
#1 D:\Software\xampp\htdocs\skripsi\vendor\codeigniter4\framework\system\CodeIgniter.php(802): App\Controllers\Jurnal->get_jurnal_edit()
#2 D:\Software\xampp\htdocs\skripsi\vendor\codeigniter4\framework\system\CodeIgniter.php(399): CodeIgniter\CodeIgniter->runController(Object(App\Controllers\Jurnal))
#3 D:\Software\xampp\htdocs\skripsi\vendor\codeigniter4\framework\system\CodeIgniter.php(317): CodeIgniter\CodeIgniter->handleRequest(NULL, Object(Config\Cache), false)
#4 D:\Software\xampp\htdocs\skripsi\public\index.php(37): CodeIgniter\CodeIgniter->run()
#5 D:\Software\xampp\htdocs\skripsi\vendor\codeigniter4\framework\system\Commands\Server\rewrite.php(43): require_once('D:\\Software\\xam...')
#6 {main}
CRITICAL - 2022-01-06 19:23:50 --> Undefined variable: id_jurnal
#0 D:\Software\xampp\htdocs\skripsi\app\Views\Pages\Admin\a_jurnal\edit_jurnal.php(11): CodeIgniter\Debug\Exceptions->errorHandler(8, 'Undefined varia...', 'D:\\Software\\xam...', 11, Array)
#1 D:\Software\xampp\htdocs\skripsi\vendor\codeigniter4\framework\system\View\View.php(214): include('D:\\Software\\xam...')
#2 D:\Software\xampp\htdocs\skripsi\vendor\codeigniter4\framework\system\View\View.php(217): CodeIgniter\View\View->CodeIgniter\View\{closure}()
#3 D:\Software\xampp\htdocs\skripsi\vendor\codeigniter4\framework\system\Common.php(1092): CodeIgniter\View\View->render('pages/admin/a_j...', Array, true)
#4 D:\Software\xampp\htdocs\skripsi\app\Controllers\Jurnal.php(304): view('pages/admin/a_j...', Array)
#5 D:\Software\xampp\htdocs\skripsi\vendor\codeigniter4\framework\system\CodeIgniter.php(802): App\Controllers\Jurnal->get_jurnal_edit()
#6 D:\Software\xampp\htdocs\skripsi\vendor\codeigniter4\framework\system\CodeIgniter.php(399): CodeIgniter\CodeIgniter->runController(Object(App\Controllers\Jurnal))
#7 D:\Software\xampp\htdocs\skripsi\vendor\codeigniter4\framework\system\CodeIgniter.php(317): CodeIgniter\CodeIgniter->handleRequest(NULL, Object(Config\Cache), false)
#8 D:\Software\xampp\htdocs\skripsi\public\index.php(37): CodeIgniter\CodeIgniter->run()
#9 D:\Software\xampp\htdocs\skripsi\vendor\codeigniter4\framework\system\Commands\Server\rewrite.php(43): require_once('D:\\Software\\xam...')
#10 {main}
CRITICAL - 2022-01-06 19:24:30 --> Undefined variable: id_jurnal
#0 D:\Software\xampp\htdocs\skripsi\app\Views\Pages\Admin\a_jurnal\edit_jurnal.php(11): CodeIgniter\Debug\Exceptions->errorHandler(8, 'Undefined varia...', 'D:\\Software\\xam...', 11, Array)
#1 D:\Software\xampp\htdocs\skripsi\vendor\codeigniter4\framework\system\View\View.php(214): include('D:\\Software\\xam...')
#2 D:\Software\xampp\htdocs\skripsi\vendor\codeigniter4\framework\system\View\View.php(217): CodeIgniter\View\View->CodeIgniter\View\{closure}()
#3 D:\Software\xampp\htdocs\skripsi\vendor\codeigniter4\framework\system\Common.php(1092): CodeIgniter\View\View->render('pages/admin/a_j...', Array, true)
#4 D:\Software\xampp\htdocs\skripsi\app\Controllers\Jurnal.php(304): view('pages/admin/a_j...', Array)
#5 D:\Software\xampp\htdocs\skripsi\vendor\codeigniter4\framework\system\CodeIgniter.php(802): App\Controllers\Jurnal->get_jurnal_edit()
#6 D:\Software\xampp\htdocs\skripsi\vendor\codeigniter4\framework\system\CodeIgniter.php(399): CodeIgniter\CodeIgniter->runController(Object(App\Controllers\Jurnal))
#7 D:\Software\xampp\htdocs\skripsi\vendor\codeigniter4\framework\system\CodeIgniter.php(317): CodeIgniter\CodeIgniter->handleRequest(NULL, Object(Config\Cache), false)
#8 D:\Software\xampp\htdocs\skripsi\public\index.php(37): CodeIgniter\CodeIgniter->run()
#9 D:\Software\xampp\htdocs\skripsi\vendor\codeigniter4\framework\system\Commands\Server\rewrite.php(43): require_once('D:\\Software\\xam...')
#10 {main}
CRITICAL - 2022-01-06 19:24:30 --> Undefined variable: id_jurnal
#0 D:\Software\xampp\htdocs\skripsi\app\Views\Pages\Admin\a_jurnal\edit_jurnal.php(11): CodeIgniter\Debug\Exceptions->errorHandler(8, 'Undefined varia...', 'D:\\Software\\xam...', 11, Array)
#1 D:\Software\xampp\htdocs\skripsi\vendor\codeigniter4\framework\system\View\View.php(214): include('D:\\Software\\xam...')
#2 D:\Software\xampp\htdocs\skripsi\vendor\codeigniter4\framework\system\View\View.php(217): CodeIgniter\View\View->CodeIgniter\View\{closure}()
#3 D:\Software\xampp\htdocs\skripsi\vendor\codeigniter4\framework\system\Common.php(1092): CodeIgniter\View\View->render('pages/admin/a_j...', Array, true)
#4 D:\Software\xampp\htdocs\skripsi\app\Controllers\Jurnal.php(304): view('pages/admin/a_j...', Array)
#5 D:\Software\xampp\htdocs\skripsi\vendor\codeigniter4\framework\system\CodeIgniter.php(802): App\Controllers\Jurnal->get_jurnal_edit()
#6 D:\Software\xampp\htdocs\skripsi\vendor\codeigniter4\framework\system\CodeIgniter.php(399): CodeIgniter\CodeIgniter->runController(Object(App\Controllers\Jurnal))
#7 D:\Software\xampp\htdocs\skripsi\vendor\codeigniter4\framework\system\CodeIgniter.php(317): CodeIgniter\CodeIgniter->handleRequest(NULL, Object(Config\Cache), false)
#8 D:\Software\xampp\htdocs\skripsi\public\index.php(37): CodeIgniter\CodeIgniter->run()
#9 D:\Software\xampp\htdocs\skripsi\vendor\codeigniter4\framework\system\Commands\Server\rewrite.php(43): require_once('D:\\Software\\xam...')
#10 {main}
CRITICAL - 2022-01-06 19:24:32 --> Undefined variable: id_jurnal
#0 D:\Software\xampp\htdocs\skripsi\app\Views\Pages\Admin\a_jurnal\edit_jurnal.php(11): CodeIgniter\Debug\Exceptions->errorHandler(8, 'Undefined varia...', 'D:\\Software\\xam...', 11, Array)
#1 D:\Software\xampp\htdocs\skripsi\vendor\codeigniter4\framework\system\View\View.php(214): include('D:\\Software\\xam...')
#2 D:\Software\xampp\htdocs\skripsi\vendor\codeigniter4\framework\system\View\View.php(217): CodeIgniter\View\View->CodeIgniter\View\{closure}()
#3 D:\Software\xampp\htdocs\skripsi\vendor\codeigniter4\framework\system\Common.php(1092): CodeIgniter\View\View->render('pages/admin/a_j...', Array, true)
#4 D:\Software\xampp\htdocs\skripsi\app\Controllers\Jurnal.php(304): view('pages/admin/a_j...', Array)
#5 D:\Software\xampp\htdocs\skripsi\vendor\codeigniter4\framework\system\CodeIgniter.php(802): App\Controllers\Jurnal->get_jurnal_edit()
#6 D:\Software\xampp\htdocs\skripsi\vendor\codeigniter4\framework\system\CodeIgniter.php(399): CodeIgniter\CodeIgniter->runController(Object(App\Controllers\Jurnal))
#7 D:\Software\xampp\htdocs\skripsi\vendor\codeigniter4\framework\system\CodeIgniter.php(317): CodeIgniter\CodeIgniter->handleRequest(NULL, Object(Config\Cache), false)
#8 D:\Software\xampp\htdocs\skripsi\public\index.php(37): CodeIgniter\CodeIgniter->run()
#9 D:\Software\xampp\htdocs\skripsi\vendor\codeigniter4\framework\system\Commands\Server\rewrite.php(43): require_once('D:\\Software\\xam...')
#10 {main}
CRITICAL - 2022-01-06 19:24:37 --> Undefined variable: id_jurnal
#0 D:\Software\xampp\htdocs\skripsi\app\Views\Pages\Admin\a_jurnal\edit_jurnal.php(11): CodeIgniter\Debug\Exceptions->errorHandler(8, 'Undefined varia...', 'D:\\Software\\xam...', 11, Array)
#1 D:\Software\xampp\htdocs\skripsi\vendor\codeigniter4\framework\system\View\View.php(214): include('D:\\Software\\xam...')
#2 D:\Software\xampp\htdocs\skripsi\vendor\codeigniter4\framework\system\View\View.php(217): CodeIgniter\View\View->CodeIgniter\View\{closure}()
#3 D:\Software\xampp\htdocs\skripsi\vendor\codeigniter4\framework\system\Common.php(1092): CodeIgniter\View\View->render('pages/admin/a_j...', Array, true)
#4 D:\Software\xampp\htdocs\skripsi\app\Controllers\Jurnal.php(304): view('pages/admin/a_j...', Array)
#5 D:\Software\xampp\htdocs\skripsi\vendor\codeigniter4\framework\system\CodeIgniter.php(802): App\Controllers\Jurnal->get_jurnal_edit()
#6 D:\Software\xampp\htdocs\skripsi\vendor\codeigniter4\framework\system\CodeIgniter.php(399): CodeIgniter\CodeIgniter->runController(Object(App\Controllers\Jurnal))
#7 D:\Software\xampp\htdocs\skripsi\vendor\codeigniter4\framework\system\CodeIgniter.php(317): CodeIgniter\CodeIgniter->handleRequest(NULL, Object(Config\Cache), false)
#8 D:\Software\xampp\htdocs\skripsi\public\index.php(37): CodeIgniter\CodeIgniter->run()
#9 D:\Software\xampp\htdocs\skripsi\vendor\codeigniter4\framework\system\Commands\Server\rewrite.php(43): require_once('D:\\Software\\xam...')
#10 {main}
CRITICAL - 2022-01-06 22:34:03 --> Cannot declare class App\Controllers\Jurnal, because the name is already in use
#0 [internal function]: CodeIgniter\Debug\Exceptions->shutdownHandler()
#1 {main}
