CRITICAL - 2021-11-18 21:03:44 --> Undefined variable: his
#0 D:\Software\xampp\htdocs\skripsi\app\Controllers\Penelitian.php(125): CodeIgniter\Debug\Exceptions->errorHandler(8, 'Undefined varia...', 'D:\\Software\\xam...', 125, Array)
#1 D:\Software\xampp\htdocs\skripsi\vendor\codeigniter4\framework\system\CodeIgniter.php(802): App\Controllers\Penelitian->get_Dosen()
#2 D:\Software\xampp\htdocs\skripsi\vendor\codeigniter4\framework\system\CodeIgniter.php(399): CodeIgniter\CodeIgniter->runController(Object(App\Controllers\Penelitian))
#3 D:\Software\xampp\htdocs\skripsi\vendor\codeigniter4\framework\system\CodeIgniter.php(317): CodeIgniter\CodeIgniter->handleRequest(NULL, Object(Config\Cache), false)
#4 D:\Software\xampp\htdocs\skripsi\public\index.php(37): CodeIgniter\CodeIgniter->run()
#5 D:\Software\xampp\htdocs\skripsi\vendor\codeigniter4\framework\system\Commands\Server\rewrite.php(43): require_once('D:\\Software\\xam...')
#6 {main}
CRITICAL - 2021-11-18 21:03:46 --> Undefined variable: his
#0 D:\Software\xampp\htdocs\skripsi\app\Controllers\Penelitian.php(125): CodeIgniter\Debug\Exceptions->errorHandler(8, 'Undefined varia...', 'D:\\Software\\xam...', 125, Array)
#1 D:\Software\xampp\htdocs\skripsi\vendor\codeigniter4\framework\system\CodeIgniter.php(802): App\Controllers\Penelitian->get_Dosen()
#2 D:\Software\xampp\htdocs\skripsi\vendor\codeigniter4\framework\system\CodeIgniter.php(399): CodeIgniter\CodeIgniter->runController(Object(App\Controllers\Penelitian))
#3 D:\Software\xampp\htdocs\skripsi\vendor\codeigniter4\framework\system\CodeIgniter.php(317): CodeIgniter\CodeIgniter->handleRequest(NULL, Object(Config\Cache), false)
#4 D:\Software\xampp\htdocs\skripsi\public\index.php(37): CodeIgniter\CodeIgniter->run()
#5 D:\Software\xampp\htdocs\skripsi\vendor\codeigniter4\framework\system\Commands\Server\rewrite.php(43): require_once('D:\\Software\\xam...')
#6 {main}
CRITICAL - 2021-11-18 21:04:15 --> Undefined property: App\Controllers\Penelitian::$input
#0 D:\Software\xampp\htdocs\skripsi\app\Controllers\Penelitian.php(125): CodeIgniter\Debug\Exceptions->errorHandler(8, 'Undefined prope...', 'D:\\Software\\xam...', 125, Array)
#1 D:\Software\xampp\htdocs\skripsi\vendor\codeigniter4\framework\system\CodeIgniter.php(802): App\Controllers\Penelitian->get_Dosen()
#2 D:\Software\xampp\htdocs\skripsi\vendor\codeigniter4\framework\system\CodeIgniter.php(399): CodeIgniter\CodeIgniter->runController(Object(App\Controllers\Penelitian))
#3 D:\Software\xampp\htdocs\skripsi\vendor\codeigniter4\framework\system\CodeIgniter.php(317): CodeIgniter\CodeIgniter->handleRequest(NULL, Object(Config\Cache), false)
#4 D:\Software\xampp\htdocs\skripsi\public\index.php(37): CodeIgniter\CodeIgniter->run()
#5 D:\Software\xampp\htdocs\skripsi\vendor\codeigniter4\framework\system\Commands\Server\rewrite.php(43): require_once('D:\\Software\\xam...')
#6 {main}
CRITICAL - 2021-11-18 21:04:36 --> Undefined property: App\Controllers\Penelitian::$input
#0 D:\Software\xampp\htdocs\skripsi\app\Controllers\Penelitian.php(125): CodeIgniter\Debug\Exceptions->errorHandler(8, 'Undefined prope...', 'D:\\Software\\xam...', 125, Array)
#1 D:\Software\xampp\htdocs\skripsi\vendor\codeigniter4\framework\system\CodeIgniter.php(802): App\Controllers\Penelitian->get_Dosen()
#2 D:\Software\xampp\htdocs\skripsi\vendor\codeigniter4\framework\system\CodeIgniter.php(399): CodeIgniter\CodeIgniter->runController(Object(App\Controllers\Penelitian))
#3 D:\Software\xampp\htdocs\skripsi\vendor\codeigniter4\framework\system\CodeIgniter.php(317): CodeIgniter\CodeIgniter->handleRequest(NULL, Object(Config\Cache), false)
#4 D:\Software\xampp\htdocs\skripsi\public\index.php(37): CodeIgniter\CodeIgniter->run()
#5 D:\Software\xampp\htdocs\skripsi\vendor\codeigniter4\framework\system\Commands\Server\rewrite.php(43): require_once('D:\\Software\\xam...')
#6 {main}
CRITICAL - 2021-11-18 21:06:01 --> Undefined property: App\Controllers\Penelitian::$input
#0 D:\Software\xampp\htdocs\skripsi\app\Controllers\Penelitian.php(125): CodeIgniter\Debug\Exceptions->errorHandler(8, 'Undefined prope...', 'D:\\Software\\xam...', 125, Array)
#1 D:\Software\xampp\htdocs\skripsi\vendor\codeigniter4\framework\system\CodeIgniter.php(802): App\Controllers\Penelitian->get_Dosen()
#2 D:\Software\xampp\htdocs\skripsi\vendor\codeigniter4\framework\system\CodeIgniter.php(399): CodeIgniter\CodeIgniter->runController(Object(App\Controllers\Penelitian))
#3 D:\Software\xampp\htdocs\skripsi\vendor\codeigniter4\framework\system\CodeIgniter.php(317): CodeIgniter\CodeIgniter->handleRequest(NULL, Object(Config\Cache), false)
#4 D:\Software\xampp\htdocs\skripsi\public\index.php(37): CodeIgniter\CodeIgniter->run()
#5 D:\Software\xampp\htdocs\skripsi\vendor\codeigniter4\framework\system\Commands\Server\rewrite.php(43): require_once('D:\\Software\\xam...')
#6 {main}
CRITICAL - 2021-11-18 21:07:47 --> Undefined property: App\Controllers\Penelitian::$input
#0 D:\Software\xampp\htdocs\skripsi\app\Controllers\Penelitian.php(125): CodeIgniter\Debug\Exceptions->errorHandler(8, 'Undefined prope...', 'D:\\Software\\xam...', 125, Array)
#1 D:\Software\xampp\htdocs\skripsi\vendor\codeigniter4\framework\system\CodeIgniter.php(802): App\Controllers\Penelitian->get_Dosen()
#2 D:\Software\xampp\htdocs\skripsi\vendor\codeigniter4\framework\system\CodeIgniter.php(399): CodeIgniter\CodeIgniter->runController(Object(App\Controllers\Penelitian))
#3 D:\Software\xampp\htdocs\skripsi\vendor\codeigniter4\framework\system\CodeIgniter.php(317): CodeIgniter\CodeIgniter->handleRequest(NULL, Object(Config\Cache), false)
#4 D:\Software\xampp\htdocs\skripsi\public\index.php(37): CodeIgniter\CodeIgniter->run()
#5 D:\Software\xampp\htdocs\skripsi\vendor\codeigniter4\framework\system\Commands\Server\rewrite.php(43): require_once('D:\\Software\\xam...')
#6 {main}
CRITICAL - 2021-11-18 21:07:51 --> Undefined property: App\Controllers\Penelitian::$input
#0 D:\Software\xampp\htdocs\skripsi\app\Controllers\Penelitian.php(125): CodeIgniter\Debug\Exceptions->errorHandler(8, 'Undefined prope...', 'D:\\Software\\xam...', 125, Array)
#1 D:\Software\xampp\htdocs\skripsi\vendor\codeigniter4\framework\system\CodeIgniter.php(802): App\Controllers\Penelitian->get_Dosen()
#2 D:\Software\xampp\htdocs\skripsi\vendor\codeigniter4\framework\system\CodeIgniter.php(399): CodeIgniter\CodeIgniter->runController(Object(App\Controllers\Penelitian))
#3 D:\Software\xampp\htdocs\skripsi\vendor\codeigniter4\framework\system\CodeIgniter.php(317): CodeIgniter\CodeIgniter->handleRequest(NULL, Object(Config\Cache), false)
#4 D:\Software\xampp\htdocs\skripsi\public\index.php(37): CodeIgniter\CodeIgniter->run()
#5 D:\Software\xampp\htdocs\skripsi\vendor\codeigniter4\framework\system\Commands\Server\rewrite.php(43): require_once('D:\\Software\\xam...')
#6 {main}
