CRITICAL - 2021-11-10 01:54:01 --> Undefined variable: datadosen
#0 D:\Software\xampp\htdocs\skripsi\app\Views\Pages\Admin\a_dosen\list_dosen.php(20): CodeIgniter\Debug\Exceptions->errorHandler(8, 'Undefined varia...', 'D:\\Software\\xam...', 20, Array)
#1 D:\Software\xampp\htdocs\skripsi\vendor\codeigniter4\framework\system\View\View.php(214): include('D:\\Software\\xam...')
#2 D:\Software\xampp\htdocs\skripsi\vendor\codeigniter4\framework\system\View\View.php(217): CodeIgniter\View\View->CodeIgniter\View\{closure}()
#3 D:\Software\xampp\htdocs\skripsi\vendor\codeigniter4\framework\system\Common.php(1092): CodeIgniter\View\View->render('pages/admin/a_d...', Array, true)
#4 D:\Software\xampp\htdocs\skripsi\app\Controllers\Dosen.php(38): view('pages/admin/a_d...', Array)
#5 D:\Software\xampp\htdocs\skripsi\vendor\codeigniter4\framework\system\CodeIgniter.php(802): App\Controllers\Dosen->get_dosen()
#6 D:\Software\xampp\htdocs\skripsi\vendor\codeigniter4\framework\system\CodeIgniter.php(399): CodeIgniter\CodeIgniter->runController(Object(App\Controllers\Dosen))
#7 D:\Software\xampp\htdocs\skripsi\vendor\codeigniter4\framework\system\CodeIgniter.php(317): CodeIgniter\CodeIgniter->handleRequest(NULL, Object(Config\Cache), false)
#8 D:\Software\xampp\htdocs\skripsi\public\index.php(37): CodeIgniter\CodeIgniter->run()
#9 D:\Software\xampp\htdocs\skripsi\vendor\codeigniter4\framework\system\Commands\Server\rewrite.php(43): require_once('D:\\Software\\xam...')
#10 {main}
CRITICAL - 2021-11-10 01:54:16 --> Undefined variable: datadosen
#0 D:\Software\xampp\htdocs\skripsi\app\Views\Pages\Admin\a_dosen\list_dosen.php(21): CodeIgniter\Debug\Exceptions->errorHandler(8, 'Undefined varia...', 'D:\\Software\\xam...', 21, Array)
#1 D:\Software\xampp\htdocs\skripsi\vendor\codeigniter4\framework\system\View\View.php(214): include('D:\\Software\\xam...')
#2 D:\Software\xampp\htdocs\skripsi\vendor\codeigniter4\framework\system\View\View.php(217): CodeIgniter\View\View->CodeIgniter\View\{closure}()
#3 D:\Software\xampp\htdocs\skripsi\vendor\codeigniter4\framework\system\Common.php(1092): CodeIgniter\View\View->render('pages/admin/a_d...', Array, true)
#4 D:\Software\xampp\htdocs\skripsi\app\Controllers\Dosen.php(38): view('pages/admin/a_d...', Array)
#5 D:\Software\xampp\htdocs\skripsi\vendor\codeigniter4\framework\system\CodeIgniter.php(802): App\Controllers\Dosen->get_dosen()
#6 D:\Software\xampp\htdocs\skripsi\vendor\codeigniter4\framework\system\CodeIgniter.php(399): CodeIgniter\CodeIgniter->runController(Object(App\Controllers\Dosen))
#7 D:\Software\xampp\htdocs\skripsi\vendor\codeigniter4\framework\system\CodeIgniter.php(317): CodeIgniter\CodeIgniter->handleRequest(NULL, Object(Config\Cache), false)
#8 D:\Software\xampp\htdocs\skripsi\public\index.php(37): CodeIgniter\CodeIgniter->run()
#9 D:\Software\xampp\htdocs\skripsi\vendor\codeigniter4\framework\system\Commands\Server\rewrite.php(43): require_once('D:\\Software\\xam...')
#10 {main}
CRITICAL - 2021-11-10 01:54:37 --> Undefined variable: datadosen
#0 D:\Software\xampp\htdocs\skripsi\app\Views\Pages\Admin\a_dosen\list_dosen.php(21): CodeIgniter\Debug\Exceptions->errorHandler(8, 'Undefined varia...', 'D:\\Software\\xam...', 21, Array)
#1 D:\Software\xampp\htdocs\skripsi\vendor\codeigniter4\framework\system\View\View.php(214): include('D:\\Software\\xam...')
#2 D:\Software\xampp\htdocs\skripsi\vendor\codeigniter4\framework\system\View\View.php(217): CodeIgniter\View\View->CodeIgniter\View\{closure}()
#3 D:\Software\xampp\htdocs\skripsi\vendor\codeigniter4\framework\system\Common.php(1092): CodeIgniter\View\View->render('pages/admin/a_d...', Array, true)
#4 D:\Software\xampp\htdocs\skripsi\app\Controllers\Dosen.php(38): view('pages/admin/a_d...', Array)
#5 D:\Software\xampp\htdocs\skripsi\vendor\codeigniter4\framework\system\CodeIgniter.php(802): App\Controllers\Dosen->get_dosen()
#6 D:\Software\xampp\htdocs\skripsi\vendor\codeigniter4\framework\system\CodeIgniter.php(399): CodeIgniter\CodeIgniter->runController(Object(App\Controllers\Dosen))
#7 D:\Software\xampp\htdocs\skripsi\vendor\codeigniter4\framework\system\CodeIgniter.php(317): CodeIgniter\CodeIgniter->handleRequest(NULL, Object(Config\Cache), false)
#8 D:\Software\xampp\htdocs\skripsi\public\index.php(37): CodeIgniter\CodeIgniter->run()
#9 D:\Software\xampp\htdocs\skripsi\vendor\codeigniter4\framework\system\Commands\Server\rewrite.php(43): require_once('D:\\Software\\xam...')
#10 {main}
CRITICAL - 2021-11-10 01:54:41 --> Undefined variable: datadosen
#0 D:\Software\xampp\htdocs\skripsi\app\Views\Pages\Admin\a_dosen\list_dosen.php(21): CodeIgniter\Debug\Exceptions->errorHandler(8, 'Undefined varia...', 'D:\\Software\\xam...', 21, Array)
#1 D:\Software\xampp\htdocs\skripsi\vendor\codeigniter4\framework\system\View\View.php(214): include('D:\\Software\\xam...')
#2 D:\Software\xampp\htdocs\skripsi\vendor\codeigniter4\framework\system\View\View.php(217): CodeIgniter\View\View->CodeIgniter\View\{closure}()
#3 D:\Software\xampp\htdocs\skripsi\vendor\codeigniter4\framework\system\Common.php(1092): CodeIgniter\View\View->render('pages/admin/a_d...', Array, true)
#4 D:\Software\xampp\htdocs\skripsi\app\Controllers\Dosen.php(38): view('pages/admin/a_d...', Array)
#5 D:\Software\xampp\htdocs\skripsi\vendor\codeigniter4\framework\system\CodeIgniter.php(802): App\Controllers\Dosen->get_dosen()
#6 D:\Software\xampp\htdocs\skripsi\vendor\codeigniter4\framework\system\CodeIgniter.php(399): CodeIgniter\CodeIgniter->runController(Object(App\Controllers\Dosen))
#7 D:\Software\xampp\htdocs\skripsi\vendor\codeigniter4\framework\system\CodeIgniter.php(317): CodeIgniter\CodeIgniter->handleRequest(NULL, Object(Config\Cache), false)
#8 D:\Software\xampp\htdocs\skripsi\public\index.php(37): CodeIgniter\CodeIgniter->run()
#9 D:\Software\xampp\htdocs\skripsi\vendor\codeigniter4\framework\system\Commands\Server\rewrite.php(43): require_once('D:\\Software\\xam...')
#10 {main}
CRITICAL - 2021-11-10 03:59:21 --> Trying to access array offset on value of type null
#0 D:\Software\xampp\htdocs\skripsi\app\Controllers\Dosen.php(143): CodeIgniter\Debug\Exceptions->errorHandler(8, 'Trying to acces...', 'D:\\Software\\xam...', 143, Array)
#1 D:\Software\xampp\htdocs\skripsi\vendor\codeigniter4\framework\system\CodeIgniter.php(802): App\Controllers\Dosen->get_dosen_edit()
#2 D:\Software\xampp\htdocs\skripsi\vendor\codeigniter4\framework\system\CodeIgniter.php(399): CodeIgniter\CodeIgniter->runController(Object(App\Controllers\Dosen))
#3 D:\Software\xampp\htdocs\skripsi\vendor\codeigniter4\framework\system\CodeIgniter.php(317): CodeIgniter\CodeIgniter->handleRequest(NULL, Object(Config\Cache), false)
#4 D:\Software\xampp\htdocs\skripsi\public\index.php(37): CodeIgniter\CodeIgniter->run()
#5 D:\Software\xampp\htdocs\skripsi\vendor\codeigniter4\framework\system\Commands\Server\rewrite.php(43): require_once('D:\\Software\\xam...')
#6 {main}
CRITICAL - 2021-11-10 03:59:39 --> Trying to access array offset on value of type null
#0 D:\Software\xampp\htdocs\skripsi\app\Controllers\Dosen.php(143): CodeIgniter\Debug\Exceptions->errorHandler(8, 'Trying to acces...', 'D:\\Software\\xam...', 143, Array)
#1 D:\Software\xampp\htdocs\skripsi\vendor\codeigniter4\framework\system\CodeIgniter.php(802): App\Controllers\Dosen->get_dosen_edit()
#2 D:\Software\xampp\htdocs\skripsi\vendor\codeigniter4\framework\system\CodeIgniter.php(399): CodeIgniter\CodeIgniter->runController(Object(App\Controllers\Dosen))
#3 D:\Software\xampp\htdocs\skripsi\vendor\codeigniter4\framework\system\CodeIgniter.php(317): CodeIgniter\CodeIgniter->handleRequest(NULL, Object(Config\Cache), false)
#4 D:\Software\xampp\htdocs\skripsi\public\index.php(37): CodeIgniter\CodeIgniter->run()
#5 D:\Software\xampp\htdocs\skripsi\vendor\codeigniter4\framework\system\Commands\Server\rewrite.php(43): require_once('D:\\Software\\xam...')
#6 {main}
CRITICAL - 2021-11-10 03:59:40 --> Trying to access array offset on value of type null
#0 D:\Software\xampp\htdocs\skripsi\app\Controllers\Dosen.php(143): CodeIgniter\Debug\Exceptions->errorHandler(8, 'Trying to acces...', 'D:\\Software\\xam...', 143, Array)
#1 D:\Software\xampp\htdocs\skripsi\vendor\codeigniter4\framework\system\CodeIgniter.php(802): App\Controllers\Dosen->get_dosen_edit()
#2 D:\Software\xampp\htdocs\skripsi\vendor\codeigniter4\framework\system\CodeIgniter.php(399): CodeIgniter\CodeIgniter->runController(Object(App\Controllers\Dosen))
#3 D:\Software\xampp\htdocs\skripsi\vendor\codeigniter4\framework\system\CodeIgniter.php(317): CodeIgniter\CodeIgniter->handleRequest(NULL, Object(Config\Cache), false)
#4 D:\Software\xampp\htdocs\skripsi\public\index.php(37): CodeIgniter\CodeIgniter->run()
#5 D:\Software\xampp\htdocs\skripsi\vendor\codeigniter4\framework\system\Commands\Server\rewrite.php(43): require_once('D:\\Software\\xam...')
#6 {main}
CRITICAL - 2021-11-10 03:59:41 --> Trying to access array offset on value of type null
#0 D:\Software\xampp\htdocs\skripsi\app\Controllers\Dosen.php(143): CodeIgniter\Debug\Exceptions->errorHandler(8, 'Trying to acces...', 'D:\\Software\\xam...', 143, Array)
#1 D:\Software\xampp\htdocs\skripsi\vendor\codeigniter4\framework\system\CodeIgniter.php(802): App\Controllers\Dosen->get_dosen_edit()
#2 D:\Software\xampp\htdocs\skripsi\vendor\codeigniter4\framework\system\CodeIgniter.php(399): CodeIgniter\CodeIgniter->runController(Object(App\Controllers\Dosen))
#3 D:\Software\xampp\htdocs\skripsi\vendor\codeigniter4\framework\system\CodeIgniter.php(317): CodeIgniter\CodeIgniter->handleRequest(NULL, Object(Config\Cache), false)
#4 D:\Software\xampp\htdocs\skripsi\public\index.php(37): CodeIgniter\CodeIgniter->run()
#5 D:\Software\xampp\htdocs\skripsi\vendor\codeigniter4\framework\system\Commands\Server\rewrite.php(43): require_once('D:\\Software\\xam...')
#6 {main}
CRITICAL - 2021-11-10 04:00:27 --> Trying to access array offset on value of type null
#0 D:\Software\xampp\htdocs\skripsi\app\Controllers\Dosen.php(143): CodeIgniter\Debug\Exceptions->errorHandler(8, 'Trying to acces...', 'D:\\Software\\xam...', 143, Array)
#1 D:\Software\xampp\htdocs\skripsi\vendor\codeigniter4\framework\system\CodeIgniter.php(802): App\Controllers\Dosen->get_dosen_edit()
#2 D:\Software\xampp\htdocs\skripsi\vendor\codeigniter4\framework\system\CodeIgniter.php(399): CodeIgniter\CodeIgniter->runController(Object(App\Controllers\Dosen))
#3 D:\Software\xampp\htdocs\skripsi\vendor\codeigniter4\framework\system\CodeIgniter.php(317): CodeIgniter\CodeIgniter->handleRequest(NULL, Object(Config\Cache), false)
#4 D:\Software\xampp\htdocs\skripsi\public\index.php(37): CodeIgniter\CodeIgniter->run()
#5 D:\Software\xampp\htdocs\skripsi\vendor\codeigniter4\framework\system\Commands\Server\rewrite.php(43): require_once('D:\\Software\\xam...')
#6 {main}
CRITICAL - 2021-11-10 04:01:34 --> Trying to access array offset on value of type null
#0 D:\Software\xampp\htdocs\skripsi\app\Controllers\Dosen.php(143): CodeIgniter\Debug\Exceptions->errorHandler(8, 'Trying to acces...', 'D:\\Software\\xam...', 143, Array)
#1 D:\Software\xampp\htdocs\skripsi\vendor\codeigniter4\framework\system\CodeIgniter.php(802): App\Controllers\Dosen->get_dosen_edit()
#2 D:\Software\xampp\htdocs\skripsi\vendor\codeigniter4\framework\system\CodeIgniter.php(399): CodeIgniter\CodeIgniter->runController(Object(App\Controllers\Dosen))
#3 D:\Software\xampp\htdocs\skripsi\vendor\codeigniter4\framework\system\CodeIgniter.php(317): CodeIgniter\CodeIgniter->handleRequest(NULL, Object(Config\Cache), false)
#4 D:\Software\xampp\htdocs\skripsi\public\index.php(37): CodeIgniter\CodeIgniter->run()
#5 D:\Software\xampp\htdocs\skripsi\vendor\codeigniter4\framework\system\Commands\Server\rewrite.php(43): require_once('D:\\Software\\xam...')
#6 {main}
CRITICAL - 2021-11-10 04:01:48 --> Trying to access array offset on value of type null
#0 D:\Software\xampp\htdocs\skripsi\app\Controllers\Dosen.php(143): CodeIgniter\Debug\Exceptions->errorHandler(8, 'Trying to acces...', 'D:\\Software\\xam...', 143, Array)
#1 D:\Software\xampp\htdocs\skripsi\vendor\codeigniter4\framework\system\CodeIgniter.php(802): App\Controllers\Dosen->get_dosen_edit()
#2 D:\Software\xampp\htdocs\skripsi\vendor\codeigniter4\framework\system\CodeIgniter.php(399): CodeIgniter\CodeIgniter->runController(Object(App\Controllers\Dosen))
#3 D:\Software\xampp\htdocs\skripsi\vendor\codeigniter4\framework\system\CodeIgniter.php(317): CodeIgniter\CodeIgniter->handleRequest(NULL, Object(Config\Cache), false)
#4 D:\Software\xampp\htdocs\skripsi\public\index.php(37): CodeIgniter\CodeIgniter->run()
#5 D:\Software\xampp\htdocs\skripsi\vendor\codeigniter4\framework\system\Commands\Server\rewrite.php(43): require_once('D:\\Software\\xam...')
#6 {main}
CRITICAL - 2021-11-10 04:02:11 --> Trying to access array offset on value of type null
#0 D:\Software\xampp\htdocs\skripsi\app\Controllers\Dosen.php(143): CodeIgniter\Debug\Exceptions->errorHandler(8, 'Trying to acces...', 'D:\\Software\\xam...', 143, Array)
#1 D:\Software\xampp\htdocs\skripsi\vendor\codeigniter4\framework\system\CodeIgniter.php(802): App\Controllers\Dosen->get_dosen_edit()
#2 D:\Software\xampp\htdocs\skripsi\vendor\codeigniter4\framework\system\CodeIgniter.php(399): CodeIgniter\CodeIgniter->runController(Object(App\Controllers\Dosen))
#3 D:\Software\xampp\htdocs\skripsi\vendor\codeigniter4\framework\system\CodeIgniter.php(317): CodeIgniter\CodeIgniter->handleRequest(NULL, Object(Config\Cache), false)
#4 D:\Software\xampp\htdocs\skripsi\public\index.php(37): CodeIgniter\CodeIgniter->run()
#5 D:\Software\xampp\htdocs\skripsi\vendor\codeigniter4\framework\system\Commands\Server\rewrite.php(43): require_once('D:\\Software\\xam...')
#6 {main}
CRITICAL - 2021-11-10 04:02:19 --> Trying to access array offset on value of type null
#0 D:\Software\xampp\htdocs\skripsi\app\Controllers\Dosen.php(143): CodeIgniter\Debug\Exceptions->errorHandler(8, 'Trying to acces...', 'D:\\Software\\xam...', 143, Array)
#1 D:\Software\xampp\htdocs\skripsi\vendor\codeigniter4\framework\system\CodeIgniter.php(802): App\Controllers\Dosen->get_dosen_edit()
#2 D:\Software\xampp\htdocs\skripsi\vendor\codeigniter4\framework\system\CodeIgniter.php(399): CodeIgniter\CodeIgniter->runController(Object(App\Controllers\Dosen))
#3 D:\Software\xampp\htdocs\skripsi\vendor\codeigniter4\framework\system\CodeIgniter.php(317): CodeIgniter\CodeIgniter->handleRequest(NULL, Object(Config\Cache), false)
#4 D:\Software\xampp\htdocs\skripsi\public\index.php(37): CodeIgniter\CodeIgniter->run()
#5 D:\Software\xampp\htdocs\skripsi\vendor\codeigniter4\framework\system\Commands\Server\rewrite.php(43): require_once('D:\\Software\\xam...')
#6 {main}
CRITICAL - 2021-11-10 04:02:23 --> Trying to access array offset on value of type null
#0 D:\Software\xampp\htdocs\skripsi\app\Controllers\Dosen.php(143): CodeIgniter\Debug\Exceptions->errorHandler(8, 'Trying to acces...', 'D:\\Software\\xam...', 143, Array)
#1 D:\Software\xampp\htdocs\skripsi\vendor\codeigniter4\framework\system\CodeIgniter.php(802): App\Controllers\Dosen->get_dosen_edit()
#2 D:\Software\xampp\htdocs\skripsi\vendor\codeigniter4\framework\system\CodeIgniter.php(399): CodeIgniter\CodeIgniter->runController(Object(App\Controllers\Dosen))
#3 D:\Software\xampp\htdocs\skripsi\vendor\codeigniter4\framework\system\CodeIgniter.php(317): CodeIgniter\CodeIgniter->handleRequest(NULL, Object(Config\Cache), false)
#4 D:\Software\xampp\htdocs\skripsi\public\index.php(37): CodeIgniter\CodeIgniter->run()
#5 D:\Software\xampp\htdocs\skripsi\vendor\codeigniter4\framework\system\Commands\Server\rewrite.php(43): require_once('D:\\Software\\xam...')
#6 {main}
CRITICAL - 2021-11-10 04:03:14 --> Trying to access array offset on value of type null
#0 D:\Software\xampp\htdocs\skripsi\app\Controllers\Dosen.php(143): CodeIgniter\Debug\Exceptions->errorHandler(8, 'Trying to acces...', 'D:\\Software\\xam...', 143, Array)
#1 D:\Software\xampp\htdocs\skripsi\vendor\codeigniter4\framework\system\CodeIgniter.php(802): App\Controllers\Dosen->get_dosen_edit()
#2 D:\Software\xampp\htdocs\skripsi\vendor\codeigniter4\framework\system\CodeIgniter.php(399): CodeIgniter\CodeIgniter->runController(Object(App\Controllers\Dosen))
#3 D:\Software\xampp\htdocs\skripsi\vendor\codeigniter4\framework\system\CodeIgniter.php(317): CodeIgniter\CodeIgniter->handleRequest(NULL, Object(Config\Cache), false)
#4 D:\Software\xampp\htdocs\skripsi\public\index.php(37): CodeIgniter\CodeIgniter->run()
#5 D:\Software\xampp\htdocs\skripsi\vendor\codeigniter4\framework\system\Commands\Server\rewrite.php(43): require_once('D:\\Software\\xam...')
#6 {main}
CRITICAL - 2021-11-10 04:11:41 --> Trying to access array offset on value of type null
#0 D:\Software\xampp\htdocs\skripsi\app\Controllers\Dosen.php(143): CodeIgniter\Debug\Exceptions->errorHandler(8, 'Trying to acces...', 'D:\\Software\\xam...', 143, Array)
#1 D:\Software\xampp\htdocs\skripsi\vendor\codeigniter4\framework\system\CodeIgniter.php(802): App\Controllers\Dosen->get_dosen_edit()
#2 D:\Software\xampp\htdocs\skripsi\vendor\codeigniter4\framework\system\CodeIgniter.php(399): CodeIgniter\CodeIgniter->runController(Object(App\Controllers\Dosen))
#3 D:\Software\xampp\htdocs\skripsi\vendor\codeigniter4\framework\system\CodeIgniter.php(317): CodeIgniter\CodeIgniter->handleRequest(NULL, Object(Config\Cache), false)
#4 D:\Software\xampp\htdocs\skripsi\public\index.php(37): CodeIgniter\CodeIgniter->run()
#5 D:\Software\xampp\htdocs\skripsi\vendor\codeigniter4\framework\system\Commands\Server\rewrite.php(43): require_once('D:\\Software\\xam...')
#6 {main}
