ERROR - 2023-03-14 16:23:23 --> Error connecting to the database: Unknown database 'ekinerjadosen'
CRITICAL - 2023-03-14 16:23:23 --> Unable to connect to the database.
Main connection [MySQLi]: Unknown database 'ekinerjadosen'
#0 D:\Software\xampp\htdocs\ekinerja_dosen\vendor\codeigniter4\framework\system\Database\BaseConnection.php(570): CodeIgniter\Database\BaseConnection->initialize()
#1 D:\Software\xampp\htdocs\ekinerja_dosen\vendor\codeigniter4\framework\system\Database\BaseBuilder.php(1428): CodeIgniter\Database\BaseConnection->query('SELECT *\nFROM `...', Array, false)
#2 D:\Software\xampp\htdocs\ekinerja_dosen\vendor\codeigniter4\framework\system\Model.php(210): CodeIgniter\Database\BaseBuilder->get()
#3 D:\Software\xampp\htdocs\ekinerja_dosen\vendor\codeigniter4\framework\system\BaseModel.php(622): CodeIgniter\Model->doFirst()
#4 D:\Software\xampp\htdocs\ekinerja_dosen\app\Controllers\Auth.php(42): CodeIgniter\BaseModel->first()
#5 D:\Software\xampp\htdocs\ekinerja_dosen\vendor\codeigniter4\framework\system\CodeIgniter.php(805): App\Controllers\Auth->login()
#6 D:\Software\xampp\htdocs\ekinerja_dosen\vendor\codeigniter4\framework\system\CodeIgniter.php(402): CodeIgniter\CodeIgniter->runController(Object(App\Controllers\Auth))
#7 D:\Software\xampp\htdocs\ekinerja_dosen\vendor\codeigniter4\framework\system\CodeIgniter.php(320): CodeIgniter\CodeIgniter->handleRequest(NULL, Object(Config\Cache), false)
#8 D:\Software\xampp\htdocs\ekinerja_dosen\public\index.php(37): CodeIgniter\CodeIgniter->run()
#9 D:\Software\xampp\htdocs\ekinerja_dosen\vendor\codeigniter4\framework\system\Commands\Server\rewrite.php(43): require_once('D:\\Software\\xam...')
#10 {main}
ERROR - 2023-03-14 16:24:50 --> Error connecting to the database: Unknown database 'ekinerjadosen'
CRITICAL - 2023-03-14 16:24:50 --> Unable to connect to the database.
Main connection [MySQLi]: Unknown database 'ekinerjadosen'
#0 D:\Software\xampp\htdocs\ekinerja_dosen\vendor\codeigniter4\framework\system\Database\BaseConnection.php(570): CodeIgniter\Database\BaseConnection->initialize()
#1 D:\Software\xampp\htdocs\ekinerja_dosen\vendor\codeigniter4\framework\system\Database\BaseBuilder.php(1428): CodeIgniter\Database\BaseConnection->query('SELECT *\nFROM `...', Array, false)
#2 D:\Software\xampp\htdocs\ekinerja_dosen\vendor\codeigniter4\framework\system\Model.php(210): CodeIgniter\Database\BaseBuilder->get()
#3 D:\Software\xampp\htdocs\ekinerja_dosen\vendor\codeigniter4\framework\system\BaseModel.php(622): CodeIgniter\Model->doFirst()
#4 D:\Software\xampp\htdocs\ekinerja_dosen\app\Controllers\Auth.php(42): CodeIgniter\BaseModel->first()
#5 D:\Software\xampp\htdocs\ekinerja_dosen\vendor\codeigniter4\framework\system\CodeIgniter.php(805): App\Controllers\Auth->login()
#6 D:\Software\xampp\htdocs\ekinerja_dosen\vendor\codeigniter4\framework\system\CodeIgniter.php(402): CodeIgniter\CodeIgniter->runController(Object(App\Controllers\Auth))
#7 D:\Software\xampp\htdocs\ekinerja_dosen\vendor\codeigniter4\framework\system\CodeIgniter.php(320): CodeIgniter\CodeIgniter->handleRequest(NULL, Object(Config\Cache), false)
#8 D:\Software\xampp\htdocs\ekinerja_dosen\public\index.php(37): CodeIgniter\CodeIgniter->run()
#9 D:\Software\xampp\htdocs\ekinerja_dosen\vendor\codeigniter4\framework\system\Commands\Server\rewrite.php(43): require_once('D:\\Software\\xam...')
#10 {main}
