CRITICAL - 2022-01-17 01:26:05 --> Invalid file: pages/models/penelitian/add_penelitian.php
#0 D:\Software\xampp\htdocs\skripsi\vendor\codeigniter4\framework\system\View\View.php(198): CodeIgniter\Exceptions\FrameworkException::forInvalidFile('pages/models/pe...')
#1 D:\Software\xampp\htdocs\skripsi\vendor\codeigniter4\framework\system\Common.php(1092): CodeIgniter\View\View->render('pages/models/pe...', Array, true)
#2 D:\Software\xampp\htdocs\skripsi\app\Controllers\Penelitian.php(228): view('pages/models/pe...')
#3 D:\Software\xampp\htdocs\skripsi\vendor\codeigniter4\framework\system\CodeIgniter.php(802): App\Controllers\Penelitian->get_add_penelitian()
#4 D:\Software\xampp\htdocs\skripsi\vendor\codeigniter4\framework\system\CodeIgniter.php(399): CodeIgniter\CodeIgniter->runController(Object(App\Controllers\Penelitian))
#5 D:\Software\xampp\htdocs\skripsi\vendor\codeigniter4\framework\system\CodeIgniter.php(317): CodeIgniter\CodeIgniter->handleRequest(NULL, Object(Config\Cache), false)
#6 D:\Software\xampp\htdocs\skripsi\public\index.php(37): CodeIgniter\CodeIgniter->run()
#7 D:\Software\xampp\htdocs\skripsi\vendor\codeigniter4\framework\system\Commands\Server\rewrite.php(43): require_once('D:\\Software\\xam...')
#8 {main}
ERROR - 2022-01-17 02:13:49 --> Unknown column 'nidn' in 'field list'
CRITICAL - 2022-01-17 02:13:49 --> Unknown column 'nidn' in 'field list'
#0 D:\Software\xampp\htdocs\skripsi\vendor\codeigniter4\framework\system\Database\MySQLi\Connection.php(280): mysqli->query('INSERT INTO `an...')
#1 D:\Software\xampp\htdocs\skripsi\vendor\codeigniter4\framework\system\Database\BaseConnection.php(663): CodeIgniter\Database\MySQLi\Connection->execute('INSERT INTO `an...')
#2 D:\Software\xampp\htdocs\skripsi\vendor\codeigniter4\framework\system\Database\BaseConnection.php(591): CodeIgniter\Database\BaseConnection->simpleQuery('INSERT INTO `an...')
#3 D:\Software\xampp\htdocs\skripsi\vendor\codeigniter4\framework\system\Database\BaseBuilder.php(1612): CodeIgniter\Database\BaseConnection->query('INSERT INTO `an...', Array, false)
#4 D:\Software\xampp\htdocs\skripsi\vendor\codeigniter4\framework\system\Model.php(272): CodeIgniter\Database\BaseBuilder->insertBatch(Array, NULL, 100)
#5 D:\Software\xampp\htdocs\skripsi\vendor\codeigniter4\framework\system\BaseModel.php(814): CodeIgniter\Model->doInsertBatch(Array, NULL, 100, false)
#6 D:\Software\xampp\htdocs\skripsi\app\Controllers\Penelitian.php(400): CodeIgniter\BaseModel->insertBatch(Array)
#7 D:\Software\xampp\htdocs\skripsi\vendor\codeigniter4\framework\system\CodeIgniter.php(802): App\Controllers\Penelitian->save_data()
#8 D:\Software\xampp\htdocs\skripsi\vendor\codeigniter4\framework\system\CodeIgniter.php(399): CodeIgniter\CodeIgniter->runController(Object(App\Controllers\Penelitian))
#9 D:\Software\xampp\htdocs\skripsi\vendor\codeigniter4\framework\system\CodeIgniter.php(317): CodeIgniter\CodeIgniter->handleRequest(NULL, Object(Config\Cache), false)
#10 D:\Software\xampp\htdocs\skripsi\public\index.php(37): CodeIgniter\CodeIgniter->run()
#11 D:\Software\xampp\htdocs\skripsi\vendor\codeigniter4\framework\system\Commands\Server\rewrite.php(43): require_once('D:\\Software\\xam...')
#12 {main}
ERROR - 2022-01-17 02:14:10 --> Unknown column 'nidn' in 'field list'
CRITICAL - 2022-01-17 02:14:10 --> Unknown column 'nidn' in 'field list'
#0 D:\Software\xampp\htdocs\skripsi\vendor\codeigniter4\framework\system\Database\MySQLi\Connection.php(280): mysqli->query('INSERT INTO `an...')
#1 D:\Software\xampp\htdocs\skripsi\vendor\codeigniter4\framework\system\Database\BaseConnection.php(663): CodeIgniter\Database\MySQLi\Connection->execute('INSERT INTO `an...')
#2 D:\Software\xampp\htdocs\skripsi\vendor\codeigniter4\framework\system\Database\BaseConnection.php(591): CodeIgniter\Database\BaseConnection->simpleQuery('INSERT INTO `an...')
#3 D:\Software\xampp\htdocs\skripsi\vendor\codeigniter4\framework\system\Database\BaseBuilder.php(1612): CodeIgniter\Database\BaseConnection->query('INSERT INTO `an...', Array, false)
#4 D:\Software\xampp\htdocs\skripsi\vendor\codeigniter4\framework\system\Model.php(272): CodeIgniter\Database\BaseBuilder->insertBatch(Array, NULL, 100)
#5 D:\Software\xampp\htdocs\skripsi\vendor\codeigniter4\framework\system\BaseModel.php(814): CodeIgniter\Model->doInsertBatch(Array, NULL, 100, false)
#6 D:\Software\xampp\htdocs\skripsi\app\Controllers\Penelitian.php(400): CodeIgniter\BaseModel->insertBatch(Array)
#7 D:\Software\xampp\htdocs\skripsi\vendor\codeigniter4\framework\system\CodeIgniter.php(802): App\Controllers\Penelitian->save_data()
#8 D:\Software\xampp\htdocs\skripsi\vendor\codeigniter4\framework\system\CodeIgniter.php(399): CodeIgniter\CodeIgniter->runController(Object(App\Controllers\Penelitian))
#9 D:\Software\xampp\htdocs\skripsi\vendor\codeigniter4\framework\system\CodeIgniter.php(317): CodeIgniter\CodeIgniter->handleRequest(NULL, Object(Config\Cache), false)
#10 D:\Software\xampp\htdocs\skripsi\public\index.php(37): CodeIgniter\CodeIgniter->run()
#11 D:\Software\xampp\htdocs\skripsi\vendor\codeigniter4\framework\system\Commands\Server\rewrite.php(43): require_once('D:\\Software\\xam...')
#12 {main}
ERROR - 2022-01-17 02:15:40 --> Cannot add or update a child row: a foreign key constraint fails (`kinerjadosen`.`anggota_penelitian`, CONSTRAINT `anggota_penelitian_ibfk_2` FOREIGN KEY (`nidn_agt`) REFERENCES `dosen` (`nidn`) ON DELETE NO ACTION ON UPDATE CASCADE)
CRITICAL - 2022-01-17 02:15:40 --> Cannot add or update a child row: a foreign key constraint fails (`kinerjadosen`.`anggota_penelitian`, CONSTRAINT `anggota_penelitian_ibfk_2` FOREIGN KEY (`nidn_agt`) REFERENCES `dosen` (`nidn`) ON DELETE NO ACTION ON UPDATE CASCADE)
#0 D:\Software\xampp\htdocs\skripsi\vendor\codeigniter4\framework\system\Database\MySQLi\Connection.php(280): mysqli->query('INSERT INTO `an...')
#1 D:\Software\xampp\htdocs\skripsi\vendor\codeigniter4\framework\system\Database\BaseConnection.php(663): CodeIgniter\Database\MySQLi\Connection->execute('INSERT INTO `an...')
#2 D:\Software\xampp\htdocs\skripsi\vendor\codeigniter4\framework\system\Database\BaseConnection.php(591): CodeIgniter\Database\BaseConnection->simpleQuery('INSERT INTO `an...')
#3 D:\Software\xampp\htdocs\skripsi\vendor\codeigniter4\framework\system\Database\BaseBuilder.php(1612): CodeIgniter\Database\BaseConnection->query('INSERT INTO `an...', Array, false)
#4 D:\Software\xampp\htdocs\skripsi\vendor\codeigniter4\framework\system\Model.php(272): CodeIgniter\Database\BaseBuilder->insertBatch(Array, NULL, 100)
#5 D:\Software\xampp\htdocs\skripsi\vendor\codeigniter4\framework\system\BaseModel.php(814): CodeIgniter\Model->doInsertBatch(Array, NULL, 100, false)
#6 D:\Software\xampp\htdocs\skripsi\app\Controllers\Penelitian.php(400): CodeIgniter\BaseModel->insertBatch(Array)
#7 D:\Software\xampp\htdocs\skripsi\vendor\codeigniter4\framework\system\CodeIgniter.php(802): App\Controllers\Penelitian->save_data()
#8 D:\Software\xampp\htdocs\skripsi\vendor\codeigniter4\framework\system\CodeIgniter.php(399): CodeIgniter\CodeIgniter->runController(Object(App\Controllers\Penelitian))
#9 D:\Software\xampp\htdocs\skripsi\vendor\codeigniter4\framework\system\CodeIgniter.php(317): CodeIgniter\CodeIgniter->handleRequest(NULL, Object(Config\Cache), false)
#10 D:\Software\xampp\htdocs\skripsi\public\index.php(37): CodeIgniter\CodeIgniter->run()
#11 D:\Software\xampp\htdocs\skripsi\vendor\codeigniter4\framework\system\Commands\Server\rewrite.php(43): require_once('D:\\Software\\xam...')
#12 {main}
ERROR - 2022-01-17 02:16:49 --> Cannot add or update a child row: a foreign key constraint fails (`kinerjadosen`.`anggota_penelitian`, CONSTRAINT `anggota_penelitian_ibfk_2` FOREIGN KEY (`nidn_agt`) REFERENCES `dosen` (`nidn`) ON DELETE NO ACTION ON UPDATE CASCADE)
CRITICAL - 2022-01-17 02:16:49 --> Cannot add or update a child row: a foreign key constraint fails (`kinerjadosen`.`anggota_penelitian`, CONSTRAINT `anggota_penelitian_ibfk_2` FOREIGN KEY (`nidn_agt`) REFERENCES `dosen` (`nidn`) ON DELETE NO ACTION ON UPDATE CASCADE)
#0 D:\Software\xampp\htdocs\skripsi\vendor\codeigniter4\framework\system\Database\MySQLi\Connection.php(280): mysqli->query('INSERT INTO `an...')
#1 D:\Software\xampp\htdocs\skripsi\vendor\codeigniter4\framework\system\Database\BaseConnection.php(663): CodeIgniter\Database\MySQLi\Connection->execute('INSERT INTO `an...')
#2 D:\Software\xampp\htdocs\skripsi\vendor\codeigniter4\framework\system\Database\BaseConnection.php(591): CodeIgniter\Database\BaseConnection->simpleQuery('INSERT INTO `an...')
#3 D:\Software\xampp\htdocs\skripsi\vendor\codeigniter4\framework\system\Database\BaseBuilder.php(1612): CodeIgniter\Database\BaseConnection->query('INSERT INTO `an...', Array, false)
#4 D:\Software\xampp\htdocs\skripsi\vendor\codeigniter4\framework\system\Model.php(272): CodeIgniter\Database\BaseBuilder->insertBatch(Array, NULL, 100)
#5 D:\Software\xampp\htdocs\skripsi\vendor\codeigniter4\framework\system\BaseModel.php(814): CodeIgniter\Model->doInsertBatch(Array, NULL, 100, false)
#6 D:\Software\xampp\htdocs\skripsi\app\Controllers\Penelitian.php(400): CodeIgniter\BaseModel->insertBatch(Array)
#7 D:\Software\xampp\htdocs\skripsi\vendor\codeigniter4\framework\system\CodeIgniter.php(802): App\Controllers\Penelitian->save_data()
#8 D:\Software\xampp\htdocs\skripsi\vendor\codeigniter4\framework\system\CodeIgniter.php(399): CodeIgniter\CodeIgniter->runController(Object(App\Controllers\Penelitian))
#9 D:\Software\xampp\htdocs\skripsi\vendor\codeigniter4\framework\system\CodeIgniter.php(317): CodeIgniter\CodeIgniter->handleRequest(NULL, Object(Config\Cache), false)
#10 D:\Software\xampp\htdocs\skripsi\public\index.php(37): CodeIgniter\CodeIgniter->run()
#11 D:\Software\xampp\htdocs\skripsi\vendor\codeigniter4\framework\system\Commands\Server\rewrite.php(43): require_once('D:\\Software\\xam...')
#12 {main}
ERROR - 2022-01-17 02:27:10 --> Cannot add or update a child row: a foreign key constraint fails (`kinerjadosen`.`anggota_penelitian`, CONSTRAINT `anggota_penelitian_ibfk_2` FOREIGN KEY (`nidn_agt`) REFERENCES `dosen` (`nidn`) ON DELETE NO ACTION ON UPDATE CASCADE)
CRITICAL - 2022-01-17 02:27:10 --> Cannot add or update a child row: a foreign key constraint fails (`kinerjadosen`.`anggota_penelitian`, CONSTRAINT `anggota_penelitian_ibfk_2` FOREIGN KEY (`nidn_agt`) REFERENCES `dosen` (`nidn`) ON DELETE NO ACTION ON UPDATE CASCADE)
#0 D:\Software\xampp\htdocs\skripsi\vendor\codeigniter4\framework\system\Database\MySQLi\Connection.php(280): mysqli->query('INSERT INTO `an...')
#1 D:\Software\xampp\htdocs\skripsi\vendor\codeigniter4\framework\system\Database\BaseConnection.php(663): CodeIgniter\Database\MySQLi\Connection->execute('INSERT INTO `an...')
#2 D:\Software\xampp\htdocs\skripsi\vendor\codeigniter4\framework\system\Database\BaseConnection.php(591): CodeIgniter\Database\BaseConnection->simpleQuery('INSERT INTO `an...')
#3 D:\Software\xampp\htdocs\skripsi\vendor\codeigniter4\framework\system\Database\BaseBuilder.php(1612): CodeIgniter\Database\BaseConnection->query('INSERT INTO `an...', Array, false)
#4 D:\Software\xampp\htdocs\skripsi\vendor\codeigniter4\framework\system\Model.php(272): CodeIgniter\Database\BaseBuilder->insertBatch(Array, NULL, 100)
#5 D:\Software\xampp\htdocs\skripsi\vendor\codeigniter4\framework\system\BaseModel.php(814): CodeIgniter\Model->doInsertBatch(Array, NULL, 100, false)
#6 D:\Software\xampp\htdocs\skripsi\app\Controllers\Penelitian.php(400): CodeIgniter\BaseModel->insertBatch(Array)
#7 D:\Software\xampp\htdocs\skripsi\vendor\codeigniter4\framework\system\CodeIgniter.php(802): App\Controllers\Penelitian->save_data()
#8 D:\Software\xampp\htdocs\skripsi\vendor\codeigniter4\framework\system\CodeIgniter.php(399): CodeIgniter\CodeIgniter->runController(Object(App\Controllers\Penelitian))
#9 D:\Software\xampp\htdocs\skripsi\vendor\codeigniter4\framework\system\CodeIgniter.php(317): CodeIgniter\CodeIgniter->handleRequest(NULL, Object(Config\Cache), false)
#10 D:\Software\xampp\htdocs\skripsi\public\index.php(37): CodeIgniter\CodeIgniter->run()
#11 D:\Software\xampp\htdocs\skripsi\vendor\codeigniter4\framework\system\Commands\Server\rewrite.php(43): require_once('D:\\Software\\xam...')
#12 {main}
ERROR - 2022-01-17 02:28:23 --> Cannot add or update a child row: a foreign key constraint fails (`kinerjadosen`.`anggota_penelitian`, CONSTRAINT `anggota_penelitian_ibfk_2` FOREIGN KEY (`nidn_agt`) REFERENCES `dosen` (`nidn`) ON DELETE NO ACTION ON UPDATE CASCADE)
CRITICAL - 2022-01-17 02:28:23 --> Cannot add or update a child row: a foreign key constraint fails (`kinerjadosen`.`anggota_penelitian`, CONSTRAINT `anggota_penelitian_ibfk_2` FOREIGN KEY (`nidn_agt`) REFERENCES `dosen` (`nidn`) ON DELETE NO ACTION ON UPDATE CASCADE)
#0 D:\Software\xampp\htdocs\skripsi\vendor\codeigniter4\framework\system\Database\MySQLi\Connection.php(280): mysqli->query('INSERT INTO `an...')
#1 D:\Software\xampp\htdocs\skripsi\vendor\codeigniter4\framework\system\Database\BaseConnection.php(663): CodeIgniter\Database\MySQLi\Connection->execute('INSERT INTO `an...')
#2 D:\Software\xampp\htdocs\skripsi\vendor\codeigniter4\framework\system\Database\BaseConnection.php(591): CodeIgniter\Database\BaseConnection->simpleQuery('INSERT INTO `an...')
#3 D:\Software\xampp\htdocs\skripsi\vendor\codeigniter4\framework\system\Database\BaseBuilder.php(1612): CodeIgniter\Database\BaseConnection->query('INSERT INTO `an...', Array, false)
#4 D:\Software\xampp\htdocs\skripsi\vendor\codeigniter4\framework\system\Model.php(272): CodeIgniter\Database\BaseBuilder->insertBatch(Array, NULL, 100)
#5 D:\Software\xampp\htdocs\skripsi\vendor\codeigniter4\framework\system\BaseModel.php(814): CodeIgniter\Model->doInsertBatch(Array, NULL, 100, false)
#6 D:\Software\xampp\htdocs\skripsi\app\Controllers\Penelitian.php(400): CodeIgniter\BaseModel->insertBatch(Array)
#7 D:\Software\xampp\htdocs\skripsi\vendor\codeigniter4\framework\system\CodeIgniter.php(802): App\Controllers\Penelitian->save_data()
#8 D:\Software\xampp\htdocs\skripsi\vendor\codeigniter4\framework\system\CodeIgniter.php(399): CodeIgniter\CodeIgniter->runController(Object(App\Controllers\Penelitian))
#9 D:\Software\xampp\htdocs\skripsi\vendor\codeigniter4\framework\system\CodeIgniter.php(317): CodeIgniter\CodeIgniter->handleRequest(NULL, Object(Config\Cache), false)
#10 D:\Software\xampp\htdocs\skripsi\public\index.php(37): CodeIgniter\CodeIgniter->run()
#11 D:\Software\xampp\htdocs\skripsi\vendor\codeigniter4\framework\system\Commands\Server\rewrite.php(43): require_once('D:\\Software\\xam...')
#12 {main}
ERROR - 2022-01-17 02:41:06 --> Unknown column 'nidn' in 'field list'
CRITICAL - 2022-01-17 02:41:06 --> Unknown column 'nidn' in 'field list'
#0 D:\Software\xampp\htdocs\skripsi\vendor\codeigniter4\framework\system\Database\MySQLi\Connection.php(280): mysqli->query('INSERT INTO `an...')
#1 D:\Software\xampp\htdocs\skripsi\vendor\codeigniter4\framework\system\Database\BaseConnection.php(663): CodeIgniter\Database\MySQLi\Connection->execute('INSERT INTO `an...')
#2 D:\Software\xampp\htdocs\skripsi\vendor\codeigniter4\framework\system\Database\BaseConnection.php(591): CodeIgniter\Database\BaseConnection->simpleQuery('INSERT INTO `an...')
#3 D:\Software\xampp\htdocs\skripsi\vendor\codeigniter4\framework\system\Database\BaseBuilder.php(1612): CodeIgniter\Database\BaseConnection->query('INSERT INTO `an...', Array, false)
#4 D:\Software\xampp\htdocs\skripsi\vendor\codeigniter4\framework\system\Model.php(272): CodeIgniter\Database\BaseBuilder->insertBatch(Array, NULL, 100)
#5 D:\Software\xampp\htdocs\skripsi\vendor\codeigniter4\framework\system\BaseModel.php(814): CodeIgniter\Model->doInsertBatch(Array, NULL, 100, false)
#6 D:\Software\xampp\htdocs\skripsi\app\Controllers\Penelitian.php(400): CodeIgniter\BaseModel->insertBatch(Array)
#7 D:\Software\xampp\htdocs\skripsi\vendor\codeigniter4\framework\system\CodeIgniter.php(802): App\Controllers\Penelitian->save_data()
#8 D:\Software\xampp\htdocs\skripsi\vendor\codeigniter4\framework\system\CodeIgniter.php(399): CodeIgniter\CodeIgniter->runController(Object(App\Controllers\Penelitian))
#9 D:\Software\xampp\htdocs\skripsi\vendor\codeigniter4\framework\system\CodeIgniter.php(317): CodeIgniter\CodeIgniter->handleRequest(NULL, Object(Config\Cache), false)
#10 D:\Software\xampp\htdocs\skripsi\public\index.php(37): CodeIgniter\CodeIgniter->run()
#11 D:\Software\xampp\htdocs\skripsi\vendor\codeigniter4\framework\system\Commands\Server\rewrite.php(43): require_once('D:\\Software\\xam...')
#12 {main}
CRITICAL - 2022-01-17 02:46:05 --> Undefined property: stdClass::$nidn_agt
#0 D:\Software\xampp\htdocs\skripsi\app\Controllers\Penelitian.php(316): CodeIgniter\Debug\Exceptions->errorHandler(8, 'Undefined prope...', 'D:\\Software\\xam...', 316, Array)
#1 D:\Software\xampp\htdocs\skripsi\vendor\codeigniter4\framework\system\CodeIgniter.php(802): App\Controllers\Penelitian->getDosenAgt()
#2 D:\Software\xampp\htdocs\skripsi\vendor\codeigniter4\framework\system\CodeIgniter.php(399): CodeIgniter\CodeIgniter->runController(Object(App\Controllers\Penelitian))
#3 D:\Software\xampp\htdocs\skripsi\vendor\codeigniter4\framework\system\CodeIgniter.php(317): CodeIgniter\CodeIgniter->handleRequest(NULL, Object(Config\Cache), false)
#4 D:\Software\xampp\htdocs\skripsi\public\index.php(37): CodeIgniter\CodeIgniter->run()
#5 D:\Software\xampp\htdocs\skripsi\vendor\codeigniter4\framework\system\Commands\Server\rewrite.php(43): require_once('D:\\Software\\xam...')
#6 {main}
CRITICAL - 2022-01-17 02:46:06 --> Undefined property: stdClass::$nidn_agt
#0 D:\Software\xampp\htdocs\skripsi\app\Controllers\Penelitian.php(316): CodeIgniter\Debug\Exceptions->errorHandler(8, 'Undefined prope...', 'D:\\Software\\xam...', 316, Array)
#1 D:\Software\xampp\htdocs\skripsi\vendor\codeigniter4\framework\system\CodeIgniter.php(802): App\Controllers\Penelitian->getDosenAgt()
#2 D:\Software\xampp\htdocs\skripsi\vendor\codeigniter4\framework\system\CodeIgniter.php(399): CodeIgniter\CodeIgniter->runController(Object(App\Controllers\Penelitian))
#3 D:\Software\xampp\htdocs\skripsi\vendor\codeigniter4\framework\system\CodeIgniter.php(317): CodeIgniter\CodeIgniter->handleRequest(NULL, Object(Config\Cache), false)
#4 D:\Software\xampp\htdocs\skripsi\public\index.php(37): CodeIgniter\CodeIgniter->run()
#5 D:\Software\xampp\htdocs\skripsi\vendor\codeigniter4\framework\system\Commands\Server\rewrite.php(43): require_once('D:\\Software\\xam...')
#6 {main}
CRITICAL - 2022-01-17 02:46:09 --> Undefined property: stdClass::$nidn_agt
#0 D:\Software\xampp\htdocs\skripsi\app\Controllers\Penelitian.php(316): CodeIgniter\Debug\Exceptions->errorHandler(8, 'Undefined prope...', 'D:\\Software\\xam...', 316, Array)
#1 D:\Software\xampp\htdocs\skripsi\vendor\codeigniter4\framework\system\CodeIgniter.php(802): App\Controllers\Penelitian->getDosenAgt()
#2 D:\Software\xampp\htdocs\skripsi\vendor\codeigniter4\framework\system\CodeIgniter.php(399): CodeIgniter\CodeIgniter->runController(Object(App\Controllers\Penelitian))
#3 D:\Software\xampp\htdocs\skripsi\vendor\codeigniter4\framework\system\CodeIgniter.php(317): CodeIgniter\CodeIgniter->handleRequest(NULL, Object(Config\Cache), false)
#4 D:\Software\xampp\htdocs\skripsi\public\index.php(37): CodeIgniter\CodeIgniter->run()
#5 D:\Software\xampp\htdocs\skripsi\vendor\codeigniter4\framework\system\Commands\Server\rewrite.php(43): require_once('D:\\Software\\xam...')
#6 {main}
CRITICAL - 2022-01-17 02:46:09 --> Undefined property: stdClass::$nidn_agt
#0 D:\Software\xampp\htdocs\skripsi\app\Controllers\Penelitian.php(316): CodeIgniter\Debug\Exceptions->errorHandler(8, 'Undefined prope...', 'D:\\Software\\xam...', 316, Array)
#1 D:\Software\xampp\htdocs\skripsi\vendor\codeigniter4\framework\system\CodeIgniter.php(802): App\Controllers\Penelitian->getDosenAgt()
#2 D:\Software\xampp\htdocs\skripsi\vendor\codeigniter4\framework\system\CodeIgniter.php(399): CodeIgniter\CodeIgniter->runController(Object(App\Controllers\Penelitian))
#3 D:\Software\xampp\htdocs\skripsi\vendor\codeigniter4\framework\system\CodeIgniter.php(317): CodeIgniter\CodeIgniter->handleRequest(NULL, Object(Config\Cache), false)
#4 D:\Software\xampp\htdocs\skripsi\public\index.php(37): CodeIgniter\CodeIgniter->run()
#5 D:\Software\xampp\htdocs\skripsi\vendor\codeigniter4\framework\system\Commands\Server\rewrite.php(43): require_once('D:\\Software\\xam...')
#6 {main}
CRITICAL - 2022-01-17 02:46:10 --> Undefined property: stdClass::$nidn_agt
#0 D:\Software\xampp\htdocs\skripsi\app\Controllers\Penelitian.php(316): CodeIgniter\Debug\Exceptions->errorHandler(8, 'Undefined prope...', 'D:\\Software\\xam...', 316, Array)
#1 D:\Software\xampp\htdocs\skripsi\vendor\codeigniter4\framework\system\CodeIgniter.php(802): App\Controllers\Penelitian->getDosenAgt()
#2 D:\Software\xampp\htdocs\skripsi\vendor\codeigniter4\framework\system\CodeIgniter.php(399): CodeIgniter\CodeIgniter->runController(Object(App\Controllers\Penelitian))
#3 D:\Software\xampp\htdocs\skripsi\vendor\codeigniter4\framework\system\CodeIgniter.php(317): CodeIgniter\CodeIgniter->handleRequest(NULL, Object(Config\Cache), false)
#4 D:\Software\xampp\htdocs\skripsi\public\index.php(37): CodeIgniter\CodeIgniter->run()
#5 D:\Software\xampp\htdocs\skripsi\vendor\codeigniter4\framework\system\Commands\Server\rewrite.php(43): require_once('D:\\Software\\xam...')
#6 {main}
CRITICAL - 2022-01-17 02:46:11 --> Undefined property: stdClass::$nidn_agt
#0 D:\Software\xampp\htdocs\skripsi\app\Controllers\Penelitian.php(316): CodeIgniter\Debug\Exceptions->errorHandler(8, 'Undefined prope...', 'D:\\Software\\xam...', 316, Array)
#1 D:\Software\xampp\htdocs\skripsi\vendor\codeigniter4\framework\system\CodeIgniter.php(802): App\Controllers\Penelitian->getDosenAgt()
#2 D:\Software\xampp\htdocs\skripsi\vendor\codeigniter4\framework\system\CodeIgniter.php(399): CodeIgniter\CodeIgniter->runController(Object(App\Controllers\Penelitian))
#3 D:\Software\xampp\htdocs\skripsi\vendor\codeigniter4\framework\system\CodeIgniter.php(317): CodeIgniter\CodeIgniter->handleRequest(NULL, Object(Config\Cache), false)
#4 D:\Software\xampp\htdocs\skripsi\public\index.php(37): CodeIgniter\CodeIgniter->run()
#5 D:\Software\xampp\htdocs\skripsi\vendor\codeigniter4\framework\system\Commands\Server\rewrite.php(43): require_once('D:\\Software\\xam...')
#6 {main}
CRITICAL - 2022-01-17 02:46:12 --> Undefined property: stdClass::$nidn_agt
#0 D:\Software\xampp\htdocs\skripsi\app\Controllers\Penelitian.php(316): CodeIgniter\Debug\Exceptions->errorHandler(8, 'Undefined prope...', 'D:\\Software\\xam...', 316, Array)
#1 D:\Software\xampp\htdocs\skripsi\vendor\codeigniter4\framework\system\CodeIgniter.php(802): App\Controllers\Penelitian->getDosenAgt()
#2 D:\Software\xampp\htdocs\skripsi\vendor\codeigniter4\framework\system\CodeIgniter.php(399): CodeIgniter\CodeIgniter->runController(Object(App\Controllers\Penelitian))
#3 D:\Software\xampp\htdocs\skripsi\vendor\codeigniter4\framework\system\CodeIgniter.php(317): CodeIgniter\CodeIgniter->handleRequest(NULL, Object(Config\Cache), false)
#4 D:\Software\xampp\htdocs\skripsi\public\index.php(37): CodeIgniter\CodeIgniter->run()
#5 D:\Software\xampp\htdocs\skripsi\vendor\codeigniter4\framework\system\Commands\Server\rewrite.php(43): require_once('D:\\Software\\xam...')
#6 {main}
CRITICAL - 2022-01-17 02:46:12 --> Undefined property: stdClass::$nidn_agt
#0 D:\Software\xampp\htdocs\skripsi\app\Controllers\Penelitian.php(316): CodeIgniter\Debug\Exceptions->errorHandler(8, 'Undefined prope...', 'D:\\Software\\xam...', 316, Array)
#1 D:\Software\xampp\htdocs\skripsi\vendor\codeigniter4\framework\system\CodeIgniter.php(802): App\Controllers\Penelitian->getDosenAgt()
#2 D:\Software\xampp\htdocs\skripsi\vendor\codeigniter4\framework\system\CodeIgniter.php(399): CodeIgniter\CodeIgniter->runController(Object(App\Controllers\Penelitian))
#3 D:\Software\xampp\htdocs\skripsi\vendor\codeigniter4\framework\system\CodeIgniter.php(317): CodeIgniter\CodeIgniter->handleRequest(NULL, Object(Config\Cache), false)
#4 D:\Software\xampp\htdocs\skripsi\public\index.php(37): CodeIgniter\CodeIgniter->run()
#5 D:\Software\xampp\htdocs\skripsi\vendor\codeigniter4\framework\system\Commands\Server\rewrite.php(43): require_once('D:\\Software\\xam...')
#6 {main}
