CRITICAL - 2021-10-24 15:59:44 --> gelar dosen is not a valid rule.
#0 D:\Software\xampp\htdocs\skripsi\vendor\codeigniter4\framework\system\Validation\Validation.php(285): CodeIgniter\Validation\Exceptions\ValidationException::forRuleNotFound('gelar dosen')
#1 D:\Software\xampp\htdocs\skripsi\vendor\codeigniter4\framework\system\Validation\Validation.php(151): CodeIgniter\Validation\Validation->processRules('gelar', 'gelar dosen', 'sdfs', Array, Array)
#2 D:\Software\xampp\htdocs\skripsi\vendor\codeigniter4\framework\system\Controller.php(160): CodeIgniter\Validation\Validation->run()
#3 D:\Software\xampp\htdocs\skripsi\app\Controllers\Dosen.php(67): CodeIgniter\Controller->validate(Array)
#4 D:\Software\xampp\htdocs\skripsi\vendor\codeigniter4\framework\system\CodeIgniter.php(802): App\Controllers\Dosen->save_data()
#5 D:\Software\xampp\htdocs\skripsi\vendor\codeigniter4\framework\system\CodeIgniter.php(399): CodeIgniter\CodeIgniter->runController(Object(App\Controllers\Dosen))
#6 D:\Software\xampp\htdocs\skripsi\vendor\codeigniter4\framework\system\CodeIgniter.php(317): CodeIgniter\CodeIgniter->handleRequest(NULL, Object(Config\Cache), false)
#7 D:\Software\xampp\htdocs\skripsi\public\index.php(37): CodeIgniter\CodeIgniter->run()
#8 D:\Software\xampp\htdocs\skripsi\vendor\codeigniter4\framework\system\Commands\Server\rewrite.php(43): require_once('D:\\Software\\xam...')
#9 {main}
CRITICAL - 2021-10-24 15:59:51 --> gelar dosen is not a valid rule.
#0 D:\Software\xampp\htdocs\skripsi\vendor\codeigniter4\framework\system\Validation\Validation.php(285): CodeIgniter\Validation\Exceptions\ValidationException::forRuleNotFound('gelar dosen')
#1 D:\Software\xampp\htdocs\skripsi\vendor\codeigniter4\framework\system\Validation\Validation.php(151): CodeIgniter\Validation\Validation->processRules('gelar', 'gelar dosen', 'sdfs', Array, Array)
#2 D:\Software\xampp\htdocs\skripsi\vendor\codeigniter4\framework\system\Controller.php(160): CodeIgniter\Validation\Validation->run()
#3 D:\Software\xampp\htdocs\skripsi\app\Controllers\Dosen.php(67): CodeIgniter\Controller->validate(Array)
#4 D:\Software\xampp\htdocs\skripsi\vendor\codeigniter4\framework\system\CodeIgniter.php(802): App\Controllers\Dosen->save_data()
#5 D:\Software\xampp\htdocs\skripsi\vendor\codeigniter4\framework\system\CodeIgniter.php(399): CodeIgniter\CodeIgniter->runController(Object(App\Controllers\Dosen))
#6 D:\Software\xampp\htdocs\skripsi\vendor\codeigniter4\framework\system\CodeIgniter.php(317): CodeIgniter\CodeIgniter->handleRequest(NULL, Object(Config\Cache), false)
#7 D:\Software\xampp\htdocs\skripsi\public\index.php(37): CodeIgniter\CodeIgniter->run()
#8 D:\Software\xampp\htdocs\skripsi\vendor\codeigniter4\framework\system\Commands\Server\rewrite.php(43): require_once('D:\\Software\\xam...')
#9 {main}
CRITICAL - 2021-10-24 16:00:08 --> gelar dosen is not a valid rule.
#0 D:\Software\xampp\htdocs\skripsi\vendor\codeigniter4\framework\system\Validation\Validation.php(285): CodeIgniter\Validation\Exceptions\ValidationException::forRuleNotFound('gelar dosen')
#1 D:\Software\xampp\htdocs\skripsi\vendor\codeigniter4\framework\system\Validation\Validation.php(151): CodeIgniter\Validation\Validation->processRules('gelar', 'gelar dosen', 'asd', Array, Array)
#2 D:\Software\xampp\htdocs\skripsi\vendor\codeigniter4\framework\system\Controller.php(160): CodeIgniter\Validation\Validation->run()
#3 D:\Software\xampp\htdocs\skripsi\app\Controllers\Dosen.php(67): CodeIgniter\Controller->validate(Array)
#4 D:\Software\xampp\htdocs\skripsi\vendor\codeigniter4\framework\system\CodeIgniter.php(802): App\Controllers\Dosen->save_data()
#5 D:\Software\xampp\htdocs\skripsi\vendor\codeigniter4\framework\system\CodeIgniter.php(399): CodeIgniter\CodeIgniter->runController(Object(App\Controllers\Dosen))
#6 D:\Software\xampp\htdocs\skripsi\vendor\codeigniter4\framework\system\CodeIgniter.php(317): CodeIgniter\CodeIgniter->handleRequest(NULL, Object(Config\Cache), false)
#7 D:\Software\xampp\htdocs\skripsi\public\index.php(37): CodeIgniter\CodeIgniter->run()
#8 D:\Software\xampp\htdocs\skripsi\vendor\codeigniter4\framework\system\Commands\Server\rewrite.php(43): require_once('D:\\Software\\xam...')
#9 {main}
CRITICAL - 2021-10-24 16:12:11 --> gelar dosen is not a valid rule.
#0 D:\Software\xampp\htdocs\skripsi\vendor\codeigniter4\framework\system\Validation\Validation.php(285): CodeIgniter\Validation\Exceptions\ValidationException::forRuleNotFound('gelar dosen')
#1 D:\Software\xampp\htdocs\skripsi\vendor\codeigniter4\framework\system\Validation\Validation.php(151): CodeIgniter\Validation\Validation->processRules('gelar', 'gelar dosen', 'weqw', Array, Array)
#2 D:\Software\xampp\htdocs\skripsi\vendor\codeigniter4\framework\system\Controller.php(160): CodeIgniter\Validation\Validation->run()
#3 D:\Software\xampp\htdocs\skripsi\app\Controllers\Dosen.php(67): CodeIgniter\Controller->validate(Array)
#4 D:\Software\xampp\htdocs\skripsi\vendor\codeigniter4\framework\system\CodeIgniter.php(802): App\Controllers\Dosen->save_data()
#5 D:\Software\xampp\htdocs\skripsi\vendor\codeigniter4\framework\system\CodeIgniter.php(399): CodeIgniter\CodeIgniter->runController(Object(App\Controllers\Dosen))
#6 D:\Software\xampp\htdocs\skripsi\vendor\codeigniter4\framework\system\CodeIgniter.php(317): CodeIgniter\CodeIgniter->handleRequest(NULL, Object(Config\Cache), false)
#7 D:\Software\xampp\htdocs\skripsi\public\index.php(37): CodeIgniter\CodeIgniter->run()
#8 D:\Software\xampp\htdocs\skripsi\vendor\codeigniter4\framework\system\Commands\Server\rewrite.php(43): require_once('D:\\Software\\xam...')
#9 {main}
CRITICAL - 2021-10-24 16:12:25 --> gelar dosen is not a valid rule.
#0 D:\Software\xampp\htdocs\skripsi\vendor\codeigniter4\framework\system\Validation\Validation.php(285): CodeIgniter\Validation\Exceptions\ValidationException::forRuleNotFound('gelar dosen')
#1 D:\Software\xampp\htdocs\skripsi\vendor\codeigniter4\framework\system\Validation\Validation.php(151): CodeIgniter\Validation\Validation->processRules('gelar', 'gelar dosen', 'rr', Array, Array)
#2 D:\Software\xampp\htdocs\skripsi\vendor\codeigniter4\framework\system\Controller.php(160): CodeIgniter\Validation\Validation->run()
#3 D:\Software\xampp\htdocs\skripsi\app\Controllers\Dosen.php(67): CodeIgniter\Controller->validate(Array)
#4 D:\Software\xampp\htdocs\skripsi\vendor\codeigniter4\framework\system\CodeIgniter.php(802): App\Controllers\Dosen->save_data()
#5 D:\Software\xampp\htdocs\skripsi\vendor\codeigniter4\framework\system\CodeIgniter.php(399): CodeIgniter\CodeIgniter->runController(Object(App\Controllers\Dosen))
#6 D:\Software\xampp\htdocs\skripsi\vendor\codeigniter4\framework\system\CodeIgniter.php(317): CodeIgniter\CodeIgniter->handleRequest(NULL, Object(Config\Cache), false)
#7 D:\Software\xampp\htdocs\skripsi\public\index.php(37): CodeIgniter\CodeIgniter->run()
#8 D:\Software\xampp\htdocs\skripsi\vendor\codeigniter4\framework\system\Commands\Server\rewrite.php(43): require_once('D:\\Software\\xam...')
#9 {main}
CRITICAL - 2021-10-24 16:13:09 --> gelar dosen is not a valid rule.
#0 D:\Software\xampp\htdocs\skripsi\vendor\codeigniter4\framework\system\Validation\Validation.php(285): CodeIgniter\Validation\Exceptions\ValidationException::forRuleNotFound('gelar dosen')
#1 D:\Software\xampp\htdocs\skripsi\vendor\codeigniter4\framework\system\Validation\Validation.php(151): CodeIgniter\Validation\Validation->processRules('gelar', 'gelar dosen', 'rrasdads', Array, Array)
#2 D:\Software\xampp\htdocs\skripsi\vendor\codeigniter4\framework\system\Controller.php(160): CodeIgniter\Validation\Validation->run()
#3 D:\Software\xampp\htdocs\skripsi\app\Controllers\Dosen.php(67): CodeIgniter\Controller->validate(Array)
#4 D:\Software\xampp\htdocs\skripsi\vendor\codeigniter4\framework\system\CodeIgniter.php(802): App\Controllers\Dosen->save_data()
#5 D:\Software\xampp\htdocs\skripsi\vendor\codeigniter4\framework\system\CodeIgniter.php(399): CodeIgniter\CodeIgniter->runController(Object(App\Controllers\Dosen))
#6 D:\Software\xampp\htdocs\skripsi\vendor\codeigniter4\framework\system\CodeIgniter.php(317): CodeIgniter\CodeIgniter->handleRequest(NULL, Object(Config\Cache), false)
#7 D:\Software\xampp\htdocs\skripsi\public\index.php(37): CodeIgniter\CodeIgniter->run()
#8 D:\Software\xampp\htdocs\skripsi\vendor\codeigniter4\framework\system\Commands\Server\rewrite.php(43): require_once('D:\\Software\\xam...')
#9 {main}
CRITICAL - 2021-10-24 16:13:14 --> gelar dosen is not a valid rule.
#0 D:\Software\xampp\htdocs\skripsi\vendor\codeigniter4\framework\system\Validation\Validation.php(285): CodeIgniter\Validation\Exceptions\ValidationException::forRuleNotFound('gelar dosen')
#1 D:\Software\xampp\htdocs\skripsi\vendor\codeigniter4\framework\system\Validation\Validation.php(151): CodeIgniter\Validation\Validation->processRules('gelar', 'gelar dosen', 'rrasdads', Array, Array)
#2 D:\Software\xampp\htdocs\skripsi\vendor\codeigniter4\framework\system\Controller.php(160): CodeIgniter\Validation\Validation->run()
#3 D:\Software\xampp\htdocs\skripsi\app\Controllers\Dosen.php(67): CodeIgniter\Controller->validate(Array)
#4 D:\Software\xampp\htdocs\skripsi\vendor\codeigniter4\framework\system\CodeIgniter.php(802): App\Controllers\Dosen->save_data()
#5 D:\Software\xampp\htdocs\skripsi\vendor\codeigniter4\framework\system\CodeIgniter.php(399): CodeIgniter\CodeIgniter->runController(Object(App\Controllers\Dosen))
#6 D:\Software\xampp\htdocs\skripsi\vendor\codeigniter4\framework\system\CodeIgniter.php(317): CodeIgniter\CodeIgniter->handleRequest(NULL, Object(Config\Cache), false)
#7 D:\Software\xampp\htdocs\skripsi\public\index.php(37): CodeIgniter\CodeIgniter->run()
#8 D:\Software\xampp\htdocs\skripsi\vendor\codeigniter4\framework\system\Commands\Server\rewrite.php(43): require_once('D:\\Software\\xam...')
#9 {main}
CRITICAL - 2021-10-24 16:14:00 --> gelar dosen is not a valid rule.
#0 D:\Software\xampp\htdocs\skripsi\vendor\codeigniter4\framework\system\Validation\Validation.php(285): CodeIgniter\Validation\Exceptions\ValidationException::forRuleNotFound('gelar dosen')
#1 D:\Software\xampp\htdocs\skripsi\vendor\codeigniter4\framework\system\Validation\Validation.php(151): CodeIgniter\Validation\Validation->processRules('gelar', 'gelar dosen', 'asdasd', Array, Array)
#2 D:\Software\xampp\htdocs\skripsi\vendor\codeigniter4\framework\system\Controller.php(160): CodeIgniter\Validation\Validation->run()
#3 D:\Software\xampp\htdocs\skripsi\app\Controllers\Dosen.php(67): CodeIgniter\Controller->validate(Array)
#4 D:\Software\xampp\htdocs\skripsi\vendor\codeigniter4\framework\system\CodeIgniter.php(802): App\Controllers\Dosen->save_data()
#5 D:\Software\xampp\htdocs\skripsi\vendor\codeigniter4\framework\system\CodeIgniter.php(399): CodeIgniter\CodeIgniter->runController(Object(App\Controllers\Dosen))
#6 D:\Software\xampp\htdocs\skripsi\vendor\codeigniter4\framework\system\CodeIgniter.php(317): CodeIgniter\CodeIgniter->handleRequest(NULL, Object(Config\Cache), false)
#7 D:\Software\xampp\htdocs\skripsi\public\index.php(37): CodeIgniter\CodeIgniter->run()
#8 D:\Software\xampp\htdocs\skripsi\vendor\codeigniter4\framework\system\Commands\Server\rewrite.php(43): require_once('D:\\Software\\xam...')
#9 {main}
CRITICAL - 2021-10-24 16:15:55 --> gelar dosen is not a valid rule.
#0 D:\Software\xampp\htdocs\skripsi\vendor\codeigniter4\framework\system\Validation\Validation.php(285): CodeIgniter\Validation\Exceptions\ValidationException::forRuleNotFound('gelar dosen')
#1 D:\Software\xampp\htdocs\skripsi\vendor\codeigniter4\framework\system\Validation\Validation.php(151): CodeIgniter\Validation\Validation->processRules('gelar', 'gelar dosen', 'asdasd', Array, Array)
#2 D:\Software\xampp\htdocs\skripsi\vendor\codeigniter4\framework\system\Controller.php(160): CodeIgniter\Validation\Validation->run()
#3 D:\Software\xampp\htdocs\skripsi\app\Controllers\Dosen.php(67): CodeIgniter\Controller->validate(Array)
#4 D:\Software\xampp\htdocs\skripsi\vendor\codeigniter4\framework\system\CodeIgniter.php(802): App\Controllers\Dosen->save_data()
#5 D:\Software\xampp\htdocs\skripsi\vendor\codeigniter4\framework\system\CodeIgniter.php(399): CodeIgniter\CodeIgniter->runController(Object(App\Controllers\Dosen))
#6 D:\Software\xampp\htdocs\skripsi\vendor\codeigniter4\framework\system\CodeIgniter.php(317): CodeIgniter\CodeIgniter->handleRequest(NULL, Object(Config\Cache), false)
#7 D:\Software\xampp\htdocs\skripsi\public\index.php(37): CodeIgniter\CodeIgniter->run()
#8 D:\Software\xampp\htdocs\skripsi\vendor\codeigniter4\framework\system\Commands\Server\rewrite.php(43): require_once('D:\\Software\\xam...')
#9 {main}
CRITICAL - 2021-10-24 16:16:34 --> gelar dosen is not a valid rule.
#0 D:\Software\xampp\htdocs\skripsi\vendor\codeigniter4\framework\system\Validation\Validation.php(285): CodeIgniter\Validation\Exceptions\ValidationException::forRuleNotFound('gelar dosen')
#1 D:\Software\xampp\htdocs\skripsi\vendor\codeigniter4\framework\system\Validation\Validation.php(151): CodeIgniter\Validation\Validation->processRules('gelar', 'gelar dosen', 'fsds', Array, Array)
#2 D:\Software\xampp\htdocs\skripsi\vendor\codeigniter4\framework\system\Controller.php(160): CodeIgniter\Validation\Validation->run()
#3 D:\Software\xampp\htdocs\skripsi\app\Controllers\Dosen.php(67): CodeIgniter\Controller->validate(Array)
#4 D:\Software\xampp\htdocs\skripsi\vendor\codeigniter4\framework\system\CodeIgniter.php(802): App\Controllers\Dosen->save_data()
#5 D:\Software\xampp\htdocs\skripsi\vendor\codeigniter4\framework\system\CodeIgniter.php(399): CodeIgniter\CodeIgniter->runController(Object(App\Controllers\Dosen))
#6 D:\Software\xampp\htdocs\skripsi\vendor\codeigniter4\framework\system\CodeIgniter.php(317): CodeIgniter\CodeIgniter->handleRequest(NULL, Object(Config\Cache), false)
#7 D:\Software\xampp\htdocs\skripsi\public\index.php(37): CodeIgniter\CodeIgniter->run()
#8 D:\Software\xampp\htdocs\skripsi\vendor\codeigniter4\framework\system\Commands\Server\rewrite.php(43): require_once('D:\\Software\\xam...')
#9 {main}
CRITICAL - 2021-10-24 16:18:31 --> sdfs is not a valid rule.
#0 D:\Software\xampp\htdocs\skripsi\vendor\codeigniter4\framework\system\Validation\Validation.php(285): CodeIgniter\Validation\Exceptions\ValidationException::forRuleNotFound('sdfs')
#1 D:\Software\xampp\htdocs\skripsi\vendor\codeigniter4\framework\system\Validation\Validation.php(151): CodeIgniter\Validation\Validation->processRules('gelar', 'sdfs', 'fsds', Array, Array)
#2 D:\Software\xampp\htdocs\skripsi\vendor\codeigniter4\framework\system\Controller.php(160): CodeIgniter\Validation\Validation->run()
#3 D:\Software\xampp\htdocs\skripsi\app\Controllers\Dosen.php(67): CodeIgniter\Controller->validate(Array)
#4 D:\Software\xampp\htdocs\skripsi\vendor\codeigniter4\framework\system\CodeIgniter.php(802): App\Controllers\Dosen->save_data()
#5 D:\Software\xampp\htdocs\skripsi\vendor\codeigniter4\framework\system\CodeIgniter.php(399): CodeIgniter\CodeIgniter->runController(Object(App\Controllers\Dosen))
#6 D:\Software\xampp\htdocs\skripsi\vendor\codeigniter4\framework\system\CodeIgniter.php(317): CodeIgniter\CodeIgniter->handleRequest(NULL, Object(Config\Cache), false)
#7 D:\Software\xampp\htdocs\skripsi\public\index.php(37): CodeIgniter\CodeIgniter->run()
#8 D:\Software\xampp\htdocs\skripsi\vendor\codeigniter4\framework\system\Commands\Server\rewrite.php(43): require_once('D:\\Software\\xam...')
#9 {main}
CRITICAL - 2021-10-24 16:18:48 --> jabatan akademik dsoen is not a valid rule.
#0 D:\Software\xampp\htdocs\skripsi\vendor\codeigniter4\framework\system\Validation\Validation.php(285): CodeIgniter\Validation\Exceptions\ValidationException::forRuleNotFound('jabatan akademi...')
#1 D:\Software\xampp\htdocs\skripsi\vendor\codeigniter4\framework\system\Validation\Validation.php(151): CodeIgniter\Validation\Validation->processRules('jabatan_akademi...', 'jabatan akademi...', 'sdfsdf', Array, Array)
#2 D:\Software\xampp\htdocs\skripsi\vendor\codeigniter4\framework\system\Controller.php(160): CodeIgniter\Validation\Validation->run()
#3 D:\Software\xampp\htdocs\skripsi\app\Controllers\Dosen.php(67): CodeIgniter\Controller->validate(Array)
#4 D:\Software\xampp\htdocs\skripsi\vendor\codeigniter4\framework\system\CodeIgniter.php(802): App\Controllers\Dosen->save_data()
#5 D:\Software\xampp\htdocs\skripsi\vendor\codeigniter4\framework\system\CodeIgniter.php(399): CodeIgniter\CodeIgniter->runController(Object(App\Controllers\Dosen))
#6 D:\Software\xampp\htdocs\skripsi\vendor\codeigniter4\framework\system\CodeIgniter.php(317): CodeIgniter\CodeIgniter->handleRequest(NULL, Object(Config\Cache), false)
#7 D:\Software\xampp\htdocs\skripsi\public\index.php(37): CodeIgniter\CodeIgniter->run()
#8 D:\Software\xampp\htdocs\skripsi\vendor\codeigniter4\framework\system\Commands\Server\rewrite.php(43): require_once('D:\\Software\\xam...')
#9 {main}
CRITICAL - 2021-10-24 16:33:30 --> Undefined property: App\Controllers\Dosen::$ajax
#0 D:\Software\xampp\htdocs\skripsi\app\Controllers\Dosen.php(99): CodeIgniter\Debug\Exceptions->errorHandler(8, 'Undefined prope...', 'D:\\Software\\xam...', 99, Array)
#1 D:\Software\xampp\htdocs\skripsi\vendor\codeigniter4\framework\system\CodeIgniter.php(802): App\Controllers\Dosen->save_data()
#2 D:\Software\xampp\htdocs\skripsi\vendor\codeigniter4\framework\system\CodeIgniter.php(399): CodeIgniter\CodeIgniter->runController(Object(App\Controllers\Dosen))
#3 D:\Software\xampp\htdocs\skripsi\vendor\codeigniter4\framework\system\CodeIgniter.php(317): CodeIgniter\CodeIgniter->handleRequest(NULL, Object(Config\Cache), false)
#4 D:\Software\xampp\htdocs\skripsi\public\index.php(37): CodeIgniter\CodeIgniter->run()
#5 D:\Software\xampp\htdocs\skripsi\vendor\codeigniter4\framework\system\Commands\Server\rewrite.php(43): require_once('D:\\Software\\xam...')
#6 {main}
ERROR - 2021-10-24 16:52:27 --> Duplicate entry '' for key 'PRIMARY'
CRITICAL - 2021-10-24 16:52:27 --> Duplicate entry '' for key 'PRIMARY'
#0 D:\Software\xampp\htdocs\skripsi\vendor\codeigniter4\framework\system\Database\MySQLi\Connection.php(280): mysqli->query('INSERT INTO `do...')
#1 D:\Software\xampp\htdocs\skripsi\vendor\codeigniter4\framework\system\Database\BaseConnection.php(663): CodeIgniter\Database\MySQLi\Connection->execute('INSERT INTO `do...')
#2 D:\Software\xampp\htdocs\skripsi\vendor\codeigniter4\framework\system\Database\BaseConnection.php(591): CodeIgniter\Database\BaseConnection->simpleQuery('INSERT INTO `do...')
#3 D:\Software\xampp\htdocs\skripsi\vendor\codeigniter4\framework\system\Database\BaseBuilder.php(1733): CodeIgniter\Database\BaseConnection->query('INSERT INTO `do...', Array, false)
#4 D:\Software\xampp\htdocs\skripsi\vendor\codeigniter4\framework\system\Model.php(239): CodeIgniter\Database\BaseBuilder->insert()
#5 D:\Software\xampp\htdocs\skripsi\vendor\codeigniter4\framework\system\BaseModel.php(738): CodeIgniter\Model->doInsert(Array)
#6 D:\Software\xampp\htdocs\skripsi\vendor\codeigniter4\framework\system\Model.php(620): CodeIgniter\BaseModel->insert(Array, true)
#7 D:\Software\xampp\htdocs\skripsi\app\Controllers\Dosen.php(107): CodeIgniter\Model->insert(Array)
#8 D:\Software\xampp\htdocs\skripsi\vendor\codeigniter4\framework\system\CodeIgniter.php(802): App\Controllers\Dosen->save_data()
#9 D:\Software\xampp\htdocs\skripsi\vendor\codeigniter4\framework\system\CodeIgniter.php(399): CodeIgniter\CodeIgniter->runController(Object(App\Controllers\Dosen))
#10 D:\Software\xampp\htdocs\skripsi\vendor\codeigniter4\framework\system\CodeIgniter.php(317): CodeIgniter\CodeIgniter->handleRequest(NULL, Object(Config\Cache), false)
#11 D:\Software\xampp\htdocs\skripsi\public\index.php(37): CodeIgniter\CodeIgniter->run()
#12 D:\Software\xampp\htdocs\skripsi\vendor\codeigniter4\framework\system\Commands\Server\rewrite.php(43): require_once('D:\\Software\\xam...')
#13 {main}
ERROR - 2021-10-24 16:52:49 --> Duplicate entry '' for key 'PRIMARY'
CRITICAL - 2021-10-24 16:52:49 --> Duplicate entry '' for key 'PRIMARY'
#0 D:\Software\xampp\htdocs\skripsi\vendor\codeigniter4\framework\system\Database\MySQLi\Connection.php(280): mysqli->query('INSERT INTO `do...')
#1 D:\Software\xampp\htdocs\skripsi\vendor\codeigniter4\framework\system\Database\BaseConnection.php(663): CodeIgniter\Database\MySQLi\Connection->execute('INSERT INTO `do...')
#2 D:\Software\xampp\htdocs\skripsi\vendor\codeigniter4\framework\system\Database\BaseConnection.php(591): CodeIgniter\Database\BaseConnection->simpleQuery('INSERT INTO `do...')
#3 D:\Software\xampp\htdocs\skripsi\vendor\codeigniter4\framework\system\Database\BaseBuilder.php(1733): CodeIgniter\Database\BaseConnection->query('INSERT INTO `do...', Array, false)
#4 D:\Software\xampp\htdocs\skripsi\vendor\codeigniter4\framework\system\Model.php(239): CodeIgniter\Database\BaseBuilder->insert()
#5 D:\Software\xampp\htdocs\skripsi\vendor\codeigniter4\framework\system\BaseModel.php(738): CodeIgniter\Model->doInsert(Array)
#6 D:\Software\xampp\htdocs\skripsi\vendor\codeigniter4\framework\system\Model.php(620): CodeIgniter\BaseModel->insert(Array, true)
#7 D:\Software\xampp\htdocs\skripsi\app\Controllers\Dosen.php(107): CodeIgniter\Model->insert(Array)
#8 D:\Software\xampp\htdocs\skripsi\vendor\codeigniter4\framework\system\CodeIgniter.php(802): App\Controllers\Dosen->save_data()
#9 D:\Software\xampp\htdocs\skripsi\vendor\codeigniter4\framework\system\CodeIgniter.php(399): CodeIgniter\CodeIgniter->runController(Object(App\Controllers\Dosen))
#10 D:\Software\xampp\htdocs\skripsi\vendor\codeigniter4\framework\system\CodeIgniter.php(317): CodeIgniter\CodeIgniter->handleRequest(NULL, Object(Config\Cache), false)
#11 D:\Software\xampp\htdocs\skripsi\public\index.php(37): CodeIgniter\CodeIgniter->run()
#12 D:\Software\xampp\htdocs\skripsi\vendor\codeigniter4\framework\system\Commands\Server\rewrite.php(43): require_once('D:\\Software\\xam...')
#13 {main}
ERROR - 2021-10-24 16:53:25 --> Duplicate entry '' for key 'PRIMARY'
CRITICAL - 2021-10-24 16:53:25 --> Duplicate entry '' for key 'PRIMARY'
#0 D:\Software\xampp\htdocs\skripsi\vendor\codeigniter4\framework\system\Database\MySQLi\Connection.php(280): mysqli->query('INSERT INTO `do...')
#1 D:\Software\xampp\htdocs\skripsi\vendor\codeigniter4\framework\system\Database\BaseConnection.php(663): CodeIgniter\Database\MySQLi\Connection->execute('INSERT INTO `do...')
#2 D:\Software\xampp\htdocs\skripsi\vendor\codeigniter4\framework\system\Database\BaseConnection.php(591): CodeIgniter\Database\BaseConnection->simpleQuery('INSERT INTO `do...')
#3 D:\Software\xampp\htdocs\skripsi\vendor\codeigniter4\framework\system\Database\BaseBuilder.php(1733): CodeIgniter\Database\BaseConnection->query('INSERT INTO `do...', Array, false)
#4 D:\Software\xampp\htdocs\skripsi\vendor\codeigniter4\framework\system\Model.php(239): CodeIgniter\Database\BaseBuilder->insert()
#5 D:\Software\xampp\htdocs\skripsi\vendor\codeigniter4\framework\system\BaseModel.php(738): CodeIgniter\Model->doInsert(Array)
#6 D:\Software\xampp\htdocs\skripsi\vendor\codeigniter4\framework\system\Model.php(620): CodeIgniter\BaseModel->insert(Array, true)
#7 D:\Software\xampp\htdocs\skripsi\app\Controllers\Dosen.php(107): CodeIgniter\Model->insert(Array)
#8 D:\Software\xampp\htdocs\skripsi\vendor\codeigniter4\framework\system\CodeIgniter.php(802): App\Controllers\Dosen->save_data()
#9 D:\Software\xampp\htdocs\skripsi\vendor\codeigniter4\framework\system\CodeIgniter.php(399): CodeIgniter\CodeIgniter->runController(Object(App\Controllers\Dosen))
#10 D:\Software\xampp\htdocs\skripsi\vendor\codeigniter4\framework\system\CodeIgniter.php(317): CodeIgniter\CodeIgniter->handleRequest(NULL, Object(Config\Cache), false)
#11 D:\Software\xampp\htdocs\skripsi\public\index.php(37): CodeIgniter\CodeIgniter->run()
#12 D:\Software\xampp\htdocs\skripsi\vendor\codeigniter4\framework\system\Commands\Server\rewrite.php(43): require_once('D:\\Software\\xam...')
#13 {main}
ERROR - 2021-10-24 16:53:29 --> Duplicate entry '' for key 'PRIMARY'
CRITICAL - 2021-10-24 16:53:29 --> Duplicate entry '' for key 'PRIMARY'
#0 D:\Software\xampp\htdocs\skripsi\vendor\codeigniter4\framework\system\Database\MySQLi\Connection.php(280): mysqli->query('INSERT INTO `do...')
#1 D:\Software\xampp\htdocs\skripsi\vendor\codeigniter4\framework\system\Database\BaseConnection.php(663): CodeIgniter\Database\MySQLi\Connection->execute('INSERT INTO `do...')
#2 D:\Software\xampp\htdocs\skripsi\vendor\codeigniter4\framework\system\Database\BaseConnection.php(591): CodeIgniter\Database\BaseConnection->simpleQuery('INSERT INTO `do...')
#3 D:\Software\xampp\htdocs\skripsi\vendor\codeigniter4\framework\system\Database\BaseBuilder.php(1733): CodeIgniter\Database\BaseConnection->query('INSERT INTO `do...', Array, false)
#4 D:\Software\xampp\htdocs\skripsi\vendor\codeigniter4\framework\system\Model.php(239): CodeIgniter\Database\BaseBuilder->insert()
#5 D:\Software\xampp\htdocs\skripsi\vendor\codeigniter4\framework\system\BaseModel.php(738): CodeIgniter\Model->doInsert(Array)
#6 D:\Software\xampp\htdocs\skripsi\vendor\codeigniter4\framework\system\Model.php(620): CodeIgniter\BaseModel->insert(Array, true)
#7 D:\Software\xampp\htdocs\skripsi\app\Controllers\Dosen.php(107): CodeIgniter\Model->insert(Array)
#8 D:\Software\xampp\htdocs\skripsi\vendor\codeigniter4\framework\system\CodeIgniter.php(802): App\Controllers\Dosen->save_data()
#9 D:\Software\xampp\htdocs\skripsi\vendor\codeigniter4\framework\system\CodeIgniter.php(399): CodeIgniter\CodeIgniter->runController(Object(App\Controllers\Dosen))
#10 D:\Software\xampp\htdocs\skripsi\vendor\codeigniter4\framework\system\CodeIgniter.php(317): CodeIgniter\CodeIgniter->handleRequest(NULL, Object(Config\Cache), false)
#11 D:\Software\xampp\htdocs\skripsi\public\index.php(37): CodeIgniter\CodeIgniter->run()
#12 D:\Software\xampp\htdocs\skripsi\vendor\codeigniter4\framework\system\Commands\Server\rewrite.php(43): require_once('D:\\Software\\xam...')
#13 {main}
