ERROR - 2022-01-12 15:05:29 --> Error connecting to the database: No connection could be made because the target machine actively refused it.

CRITICAL - 2022-01-12 15:05:29 --> Unable to connect to the database.
Main connection [MySQLi]: No connection could be made because the target machine actively refused it.

#0 D:\Software\xampp\htdocs\skripsi\vendor\codeigniter4\framework\system\Database\BaseConnection.php(570): CodeIgniter\Database\BaseConnection->initialize()
#1 D:\Software\xampp\htdocs\skripsi\vendor\codeigniter4\framework\system\Database\BaseBuilder.php(1428): CodeIgniter\Database\BaseConnection->query('SELECT *\nFROM `...', Array, false)
#2 D:\Software\xampp\htdocs\skripsi\vendor\codeigniter4\framework\system\Model.php(210): CodeIgniter\Database\BaseBuilder->get()
#3 D:\Software\xampp\htdocs\skripsi\vendor\codeigniter4\framework\system\BaseModel.php(622): CodeIgniter\Model->doFirst()
#4 D:\Software\xampp\htdocs\skripsi\app\Controllers\Auth.php(42): CodeIgniter\BaseModel->first()
#5 D:\Software\xampp\htdocs\skripsi\vendor\codeigniter4\framework\system\CodeIgniter.php(802): App\Controllers\Auth->login()
#6 D:\Software\xampp\htdocs\skripsi\vendor\codeigniter4\framework\system\CodeIgniter.php(399): CodeIgniter\CodeIgniter->runController(Object(App\Controllers\Auth))
#7 D:\Software\xampp\htdocs\skripsi\vendor\codeigniter4\framework\system\CodeIgniter.php(317): CodeIgniter\CodeIgniter->handleRequest(NULL, Object(Config\Cache), false)
#8 D:\Software\xampp\htdocs\skripsi\public\index.php(37): CodeIgniter\CodeIgniter->run()
#9 D:\Software\xampp\htdocs\skripsi\vendor\codeigniter4\framework\system\Commands\Server\rewrite.php(43): require_once('D:\\Software\\xam...')
#10 {main}
CRITICAL - 2022-01-12 20:56:07 --> Invalid file: pages/admin/a_penelitian/dsd.php
#0 D:\Software\xampp\htdocs\skripsi\vendor\codeigniter4\framework\system\View\View.php(198): CodeIgniter\Exceptions\FrameworkException::forInvalidFile('pages/admin/a_p...')
#1 D:\Software\xampp\htdocs\skripsi\vendor\codeigniter4\framework\system\Common.php(1092): CodeIgniter\View\View->render('pages/admin/a_p...', Array, true)
#2 D:\Software\xampp\htdocs\skripsi\app\Controllers\Penelitian.php(73): view('pages/admin/a_p...')
#3 D:\Software\xampp\htdocs\skripsi\vendor\codeigniter4\framework\system\CodeIgniter.php(802): App\Controllers\Penelitian->get_penelitian()
#4 D:\Software\xampp\htdocs\skripsi\vendor\codeigniter4\framework\system\CodeIgniter.php(399): CodeIgniter\CodeIgniter->runController(Object(App\Controllers\Penelitian))
#5 D:\Software\xampp\htdocs\skripsi\vendor\codeigniter4\framework\system\CodeIgniter.php(317): CodeIgniter\CodeIgniter->handleRequest(NULL, Object(Config\Cache), false)
#6 D:\Software\xampp\htdocs\skripsi\public\index.php(37): CodeIgniter\CodeIgniter->run()
#7 D:\Software\xampp\htdocs\skripsi\vendor\codeigniter4\framework\system\Commands\Server\rewrite.php(43): require_once('D:\\Software\\xam...')
#8 {main}
CRITICAL - 2022-01-12 22:33:21 --> Undefined index: nidn
#0 D:\Software\xampp\htdocs\skripsi\app\Controllers\Penelitian.php(382): CodeIgniter\Debug\Exceptions->errorHandler(8, 'Undefined index...', 'D:\\Software\\xam...', 382, Array)
#1 D:\Software\xampp\htdocs\skripsi\vendor\codeigniter4\framework\system\CodeIgniter.php(802): App\Controllers\Penelitian->get_penelitian_edit()
#2 D:\Software\xampp\htdocs\skripsi\vendor\codeigniter4\framework\system\CodeIgniter.php(399): CodeIgniter\CodeIgniter->runController(Object(App\Controllers\Penelitian))
#3 D:\Software\xampp\htdocs\skripsi\vendor\codeigniter4\framework\system\CodeIgniter.php(317): CodeIgniter\CodeIgniter->handleRequest(NULL, Object(Config\Cache), false)
#4 D:\Software\xampp\htdocs\skripsi\public\index.php(37): CodeIgniter\CodeIgniter->run()
#5 D:\Software\xampp\htdocs\skripsi\vendor\codeigniter4\framework\system\Commands\Server\rewrite.php(43): require_once('D:\\Software\\xam...')
#6 {main}
